Log file open, 06/01/24 03:34:38
LogWindows: Failed to load 'aqProf.dll' (GetLastError=126)
LogWindows: File 'aqProf.dll' does not exist
LogWindows: Failed to load 'VtuneApi.dll' (GetLastError=126)
LogWindows: File 'VtuneApi.dll' does not exist
LogWindows: Failed to load 'VtuneApi32e.dll' (GetLastError=126)
LogWindows: File 'VtuneApi32e.dll' does not exist
LogConsoleResponse: Display: Failed to find resolution value strings in scalability ini. Falling back to default.
LogConsoleResponse: Display: Failed to find resolution value strings in scalability ini. Falling back to default.
LogInit: Display: Running engine for game: BingoRPG
LogPlatformFile: Not using cached read wrapper
LogTaskGraph: Started task graph with 5 named threads and 35 total threads with 3 sets of task threads.
LogStats: Stats thread started at 0.232561
LogICUInternationalization: ICU TimeZone Detection - Raw Offset: +9:00, Platform Override: ''
LogInit: Display: Loading text-based GConfig....
LogPluginManager: Mounting plugin MeshPainting
LogPluginManager: Mounting plugin XGEController
LogPluginManager: Mounting plugin Paper2D
LogPluginManager: Mounting plugin AISupport
LogPluginManager: Mounting plugin EnvironmentQueryEditor
LogPluginManager: Mounting plugin LightPropagationVolume
LogPluginManager: Mounting plugin CameraShakePreviewer
LogPluginManager: Mounting plugin GameplayCameras
LogPluginManager: Mounting plugin OodleData
LogPluginManager: Mounting plugin OodleNetwork
LogPluginManager: Mounting plugin CLionSourceCodeAccess
LogPluginManager: Mounting plugin AnimationSharing
LogPluginManager: Mounting plugin CodeLiteSourceCodeAccess
LogPluginManager: Mounting plugin KDevelopSourceCodeAccess
LogPluginManager: Mounting plugin GitSourceControl
LogPluginManager: Mounting plugin PixWinPlugin
LogPluginManager: Mounting plugin NullSourceCodeAccess
LogPluginManager: Mounting plugin PerforceSourceControl
LogPluginManager: Mounting plugin PropertyAccessNode
LogPluginManager: Mounting plugin PluginUtils
LogPluginManager: Mounting plugin PlasticSourceControl
LogPluginManager: Mounting plugin TextureFormatOodle
LogPluginManager: Mounting plugin RiderSourceCodeAccess
LogPluginManager: Mounting plugin SubversionSourceControl
LogPluginManager: Mounting plugin UObjectPlugin
LogPluginManager: Mounting plugin VisualStudioCodeSourceCodeAccess
LogPluginManager: Mounting plugin VisualStudioSourceCodeAccess
LogPluginManager: Mounting plugin XCodeSourceCodeAccess
LogPluginManager: Mounting plugin AssetManagerEditor
LogPluginManager: Mounting plugin CryptoKeys
LogPluginManager: Mounting plugin CurveEditorTools
LogPluginManager: Mounting plugin DataValidation
LogPluginManager: Mounting plugin FacialAnimation
LogPluginManager: Mounting plugin GameplayTagsEditor
LogPluginManager: Mounting plugin GeometryMode
LogPluginManager: Mounting plugin MaterialAnalyzer
LogPluginManager: Mounting plugin MacGraphicsSwitching
LogPluginManager: Mounting plugin MobileLauncherProfileWizard
LogPluginManager: Mounting plugin PluginBrowser
LogPluginManager: Mounting plugin SpeedTreeImporter
LogPluginManager: Mounting plugin DatasmithContent
LogPluginManager: Mounting plugin VariantManagerContent
LogPluginManager: Mounting plugin AlembicImporter
LogPluginManager: Mounting plugin BackChannel
LogPluginManager: Mounting plugin AutomationUtils
LogPluginManager: Mounting plugin ChaosCloth
LogPluginManager: Mounting plugin ChaosClothEditor
LogPluginManager: Mounting plugin ChaosEditor
LogPluginManager: Mounting plugin ChaosNiagara
LogPluginManager: Mounting plugin ChaosSolverPlugin
LogPluginManager: Mounting plugin CharacterAI
LogPluginManager: Mounting plugin Niagara
LogPluginManager: Mounting plugin GeometryCache
LogPluginManager: Mounting plugin GeometryCollectionPlugin
LogPluginManager: Mounting plugin GeometryProcessing
LogPluginManager: Mounting plugin MotoSynth
LogPluginManager: Mounting plugin OpenImageDenoise
LogPluginManager: Mounting plugin PlanarCut
LogPluginManager: Mounting plugin PlatformCrypto
LogPluginManager: Mounting plugin ProxyLODPlugin
LogPluginManager: Mounting plugin PythonScriptPlugin
LogPluginManager: Mounting plugin SkeletalReduction
LogPluginManager: Mounting plugin Text3D
LogPluginManager: Mounting plugin LuminPlatformFeatures
LogPluginManager: Mounting plugin MagicLeap
LogPluginManager: Mounting plugin MagicLeapLightEstimation
LogPluginManager: Mounting plugin MagicLeapMedia
LogPluginManager: Mounting plugin MagicLeapPassableWorld
LogPluginManager: Mounting plugin MLSDK
LogPluginManager: Mounting plugin PaperZD
LogPluginManager: Mounting plugin AndroidMedia
LogPluginManager: Mounting plugin AvfMedia
LogPluginManager: Mounting plugin ImgMedia
LogPluginManager: Mounting plugin MediaCompositing
LogPluginManager: Mounting plugin MediaPlayerEditor
LogPluginManager: Mounting plugin WebMMedia
LogPluginManager: Mounting plugin WmfMedia
LogPluginManager: Mounting plugin TcpMessaging
LogPluginManager: Mounting plugin UdpMessaging
LogPluginManager: Mounting plugin ActorSequence
LogPluginManager: Mounting plugin LevelSequenceEditor
LogPluginManager: Mounting plugin MatineeToLevelSequence
LogPluginManager: Mounting plugin TemplateSequence
LogPluginManager: Mounting plugin LauncherChunkInstaller
LogPluginManager: Mounting plugin OnlineSubsystem
LogPluginManager: Mounting plugin OnlineSubsystemNull
LogPluginManager: Mounting plugin OnlineSubsystemUtils
LogPluginManager: Mounting plugin ActorLayerUtilities
LogPluginManager: Mounting plugin AndroidDeviceProfileSelector
LogPluginManager: Mounting plugin AndroidPermission
LogPluginManager: Mounting plugin AndroidMoviePlayer
LogPluginManager: Mounting plugin AppleImageUtils
LogPluginManager: Mounting plugin AppleMoviePlayer
LogPluginManager: Mounting plugin AssetTags
LogPluginManager: Mounting plugin AudioCapture
LogPluginManager: Mounting plugin AudioSynesthesia
LogPluginManager: Mounting plugin ArchVisCharacter
LogPluginManager: Mounting plugin CableComponent
LogPluginManager: Mounting plugin ChunkDownloader
LogPluginManager: Mounting plugin CustomMeshComponent
LogPluginManager: Mounting plugin EditableMesh
LogPluginManager: Mounting plugin ExampleDeviceProfileSelector
LogPluginManager: Mounting plugin GoogleCloudMessaging
LogPluginManager: Mounting plugin GooglePAD
LogPluginManager: Mounting plugin IOSDeviceProfileSelector
LogPluginManager: Mounting plugin LinuxDeviceProfileSelector
LogPluginManager: Mounting plugin LocationServicesBPLibrary
LogPluginManager: Mounting plugin MobilePatchingUtils
LogPluginManager: Mounting plugin OpenXR
LogPluginManager: Mounting plugin LiveLink
LogPluginManager: Mounting plugin OpenXRHandTracking
LogPluginManager: Mounting plugin PhysXVehicles
LogPluginManager: Mounting plugin OpenXREyeTracker
LogPluginManager: Mounting plugin PostSplashScreen
LogPluginManager: Mounting plugin ProceduralMeshComponent
LogPluginManager: Mounting plugin RuntimePhysXCooking
LogPluginManager: Mounting plugin SignificanceManager
LogPluginManager: Mounting plugin SoundFields
LogPluginManager: Mounting plugin PropertyAccessEditor
LogPluginManager: Mounting plugin Synthesis
LogPluginManager: Mounting plugin WindowsMoviePlayer
LogPluginManager: Mounting plugin ScreenshotTools
LogPluginManager: Mounting plugin Takes
LogPluginManager: Mounting plugin WebMMoviePlayer
LogPluginManager: Mounting plugin ContentBrowserAssetDataSource
LogPluginManager: Mounting plugin ContentBrowserClassDataSource
LogPluginManager: Mounting plugin ContentBrowserFileDataSource
LogPluginManager: Mounting plugin OnlineSubsystemGooglePlay
LogPluginManager: Mounting plugin OnlineSubsystemIOS
LogPluginManager: Mounting plugin OculusVR
LogPluginManager: Mounting plugin SteamVR
PixWinPlugin: PIX capture plugin failed to initialize! Check that the process is launched from PIX.
LogInit: Using libcurl 7.55.1-DEV
LogInit:  - built for x86_64-pc-win32
LogInit:  - supports SSL with OpenSSL/1.1.1
LogInit:  - supports HTTP deflate (compression) using libz 1.2.8
LogInit:  - other features:
LogInit:      CURL_VERSION_SSL
LogInit:      CURL_VERSION_LIBZ
LogInit:      CURL_VERSION_IPV6
LogInit:      CURL_VERSION_ASYNCHDNS
LogInit:      CURL_VERSION_LARGEFILE
LogInit:      CURL_VERSION_IDN
LogInit:  CurlRequestOptions (configurable via config and command line):
LogInit:  - bVerifyPeer = true  - Libcurl will verify peer certificate
LogInit:  - bUseHttpProxy = false  - Libcurl will NOT use HTTP proxy
LogInit:  - bDontReuseConnections = false  - Libcurl will reuse connections
LogInit:  - MaxHostConnections = 16  - Libcurl will limit the number of connections to a host
LogInit:  - LocalHostAddr = Default
LogInit:  - BufferSize = 65536
LogOnline: OSS: Creating online subsystem instance for: NULL
LogInit: WinSock: version 1.1 (2.2), MaxSocks=32767, MaxUdp=65467
LogOnline: OSS: TryLoadSubsystemAndSetDefault: Loaded subsystem for module [NULL]
LogOculusPluginWrapper: OculusPlugin initialized successfully
LogHMD: Failed initializing OVRPlugin 1.59.0
LogInit: Build: ++UE4+Release-4.27-CL-18319896
LogInit: Engine Version: 4.27.2-18319896+++UE4+Release-4.27
LogInit: Compatible Engine Version: 4.27.0-17155196+++UE4+Release-4.27
LogInit: Net CL: 17155196
LogInit: OS: Windows 10 (Release 2009) (), CPU: AMD Ryzen 5 5600X 6-Core Processor             , GPU: NVIDIA GeForce RTX 3070
LogInit: Compiled (64-bit): Nov 30 2021 07:12:08
LogInit: Compiled with Visual C++: 19.24.28315.00
LogInit: Build Configuration: Development
LogInit: Branch Name: ++UE4+Release-4.27
LogInit: Command Line: 
LogInit: Base Directory: C:/Program Files/Epic Games/UE_4.27/Engine/Binaries/Win64/
LogInit: Allocator: TBB
LogInit: Installed Engine Build: 1
LogDevObjectVersion: Number of dev versions registered: 29
LogDevObjectVersion:   Dev-Blueprints (B0D832E4-1F89-4F0D-ACCF-7EB736FD4AA2): 10
LogDevObjectVersion:   Dev-Build (E1C64328-A22C-4D53-A36C-8E866417BD8C): 0
LogDevObjectVersion:   Dev-Core (375EC13C-06E4-48FB-B500-84F0262A717E): 4
LogDevObjectVersion:   Dev-Editor (E4B068ED-F494-42E9-A231-DA0B2E46BB41): 40
LogDevObjectVersion:   Dev-Framework (CFFC743F-43B0-4480-9391-14DF171D2073): 37
LogDevObjectVersion:   Dev-Mobile (B02B49B5-BB20-44E9-A304-32B752E40360): 3
LogDevObjectVersion:   Dev-Networking (A4E4105C-59A1-49B5-A7C5-40C4547EDFEE): 0
LogDevObjectVersion:   Dev-Online (39C831C9-5AE6-47DC-9A44-9C173E1C8E7C): 0
LogDevObjectVersion:   Dev-Physics (78F01B33-EBEA-4F98-B9B4-84EACCB95AA2): 14
LogDevObjectVersion:   Dev-Platform (6631380F-2D4D-43E0-8009-CF276956A95A): 0
LogDevObjectVersion:   Dev-Rendering (12F88B9F-8875-4AFC-A67C-D90C383ABD29): 45
LogDevObjectVersion:   Dev-Sequencer (7B5AE74C-D270-4C10-A958-57980B212A5A): 13
LogDevObjectVersion:   Dev-VR (D7296918-1DD6-4BDD-9DE2-64A83CC13884): 3
LogDevObjectVersion:   Dev-LoadTimes (C2A15278-BFE7-4AFE-6C17-90FF531DF755): 1
LogDevObjectVersion:   Private-Geometry (6EACA3D4-40EC-4CC1-B786-8BED09428FC5): 3
LogDevObjectVersion:   Dev-AnimPhys (29E575DD-E0A3-4627-9D10-D276232CDCEA): 17
LogDevObjectVersion:   Dev-Anim (AF43A65D-7FD3-4947-9873-3E8ED9C1BB05): 15
LogDevObjectVersion:   Dev-ReflectionCapture (6B266CEC-1EC7-4B8F-A30B-E4D90942FC07): 1
LogDevObjectVersion:   Dev-Automation (0DF73D61-A23F-47EA-B727-89E90C41499A): 1
LogDevObjectVersion:   FortniteMain (601D1886-AC64-4F84-AA16-D3DE0DEAC7D6): 47
LogDevObjectVersion:   FortniteRelease (E7086368-6B23-4C58-8439-1B7016265E91): 1
LogDevObjectVersion:   Dev-Enterprise (9DFFBCD6-494F-0158-E221-12823C92A888): 10
LogDevObjectVersion:   Dev-Niagara (F2AED0AC-9AFE-416F-8664-AA7FFA26D6FC): 1
LogDevObjectVersion:   Dev-Destruction (174F1F0B-B4C6-45A5-B13F-2EE8D0FB917D): 10
LogDevObjectVersion:   Dev-Physics-Ext (35F94A83-E258-406C-A318-09F59610247C): 41
LogDevObjectVersion:   Dev-PhysicsMaterial-Chaos (B68FC16E-8B1B-42E2-B453-215C058844FE): 1
LogDevObjectVersion:   Dev-CineCamera (B2E18506-4273-CFC2-A54E-F4BB758BBA07): 1
LogDevObjectVersion:   Dev-VirtualProduction (64F58936-FD1B-42BA-BA96-7289D5D0FA4E): 1
LogDevObjectVersion:   Dev-MediaFramework (6F0ED827-A609-4895-9C91-998D90180EA4): 2
LogInit: Presizing for max 25165824 objects, including 0 objects not considered by GC, pre-allocating 0 bytes for permanent pool.
LogConfig: Applying CVar settings from Section [/Script/Engine.StreamingSettings] File [C:/Unreal/BingoRPG_UnrealEngine/Saved/Config/Windows/Engine.ini]
LogConfig: Setting CVar [[s.MinBulkDataSizeForAsyncLoading:131072]]
LogConfig: Setting CVar [[s.AsyncLoadingThreadEnabled:0]]
LogConfig: Setting CVar [[s.EventDrivenLoaderEnabled:1]]
LogConfig: Setting CVar [[s.WarnIfTimeLimitExceeded:0]]
LogConfig: Setting CVar [[s.TimeLimitExceededMultiplier:1.5]]
LogConfig: Setting CVar [[s.TimeLimitExceededMinTime:0.005]]
LogConfig: Setting CVar [[s.UseBackgroundLevelStreaming:1]]
LogConfig: Setting CVar [[s.PriorityAsyncLoadingExtraTime:15.0]]
LogConfig: Setting CVar [[s.LevelStreamingActorsUpdateTimeLimit:5.0]]
LogConfig: Setting CVar [[s.PriorityLevelStreamingActorsUpdateExtraTime:5.0]]
LogConfig: Setting CVar [[s.LevelStreamingComponentsRegistrationGranularity:10]]
LogConfig: Setting CVar [[s.UnregisterComponentsTimeLimit:1.0]]
LogConfig: Setting CVar [[s.LevelStreamingComponentsUnregistrationGranularity:5]]
LogConfig: Setting CVar [[s.FlushStreamingOnExit:1]]
LogInit: Object subsystem initialized
LogConfig: Setting CVar [[con.DebugEarlyDefault:1]]
LogConfig: Setting CVar [[r.setres:1280x720]]
[2024.05.31-18.34.39:489][  0]LogConfig: Setting CVar [[r.VSync:0]]
[2024.05.31-18.34.39:489][  0]LogConfig: Setting CVar [[r.RHICmdBypass:0]]
[2024.05.31-18.34.39:489][  0]LogConfig: Applying CVar settings from Section [/Script/Engine.RendererSettings] File [C:/Unreal/BingoRPG_UnrealEngine/Saved/Config/Windows/Engine.ini]
[2024.05.31-18.34.39:489][  0]LogConfig: Setting CVar [[r.GPUCrashDebugging:0]]
[2024.05.31-18.34.39:489][  0]LogConfig: Setting CVar [[r.GenerateMeshDistanceFields:1]]
[2024.05.31-18.34.39:489][  0]LogConfig: Applying CVar settings from Section [/Script/Engine.RendererOverrideSettings] File [C:/Unreal/BingoRPG_UnrealEngine/Saved/Config/Windows/Engine.ini]
[2024.05.31-18.34.39:489][  0]LogConfig: Applying CVar settings from Section [/Script/Engine.StreamingSettings] File [C:/Unreal/BingoRPG_UnrealEngine/Saved/Config/Windows/Engine.ini]
[2024.05.31-18.34.39:489][  0]LogConfig: Setting CVar [[s.MinBulkDataSizeForAsyncLoading:131072]]
[2024.05.31-18.34.39:489][  0]LogConfig: Setting CVar [[s.AsyncLoadingThreadEnabled:0]]
[2024.05.31-18.34.39:489][  0]LogConfig: Setting CVar [[s.EventDrivenLoaderEnabled:1]]
[2024.05.31-18.34.39:489][  0]LogConfig: Setting CVar [[s.WarnIfTimeLimitExceeded:0]]
[2024.05.31-18.34.39:489][  0]LogConfig: Setting CVar [[s.TimeLimitExceededMultiplier:1.5]]
[2024.05.31-18.34.39:489][  0]LogConfig: Setting CVar [[s.TimeLimitExceededMinTime:0.005]]
[2024.05.31-18.34.39:489][  0]LogConfig: Setting CVar [[s.UseBackgroundLevelStreaming:1]]
[2024.05.31-18.34.39:489][  0]LogConfig: Setting CVar [[s.PriorityAsyncLoadingExtraTime:15.0]]
[2024.05.31-18.34.39:489][  0]LogConfig: Setting CVar [[s.LevelStreamingActorsUpdateTimeLimit:5.0]]
[2024.05.31-18.34.39:489][  0]LogConfig: Setting CVar [[s.PriorityLevelStreamingActorsUpdateExtraTime:5.0]]
[2024.05.31-18.34.39:489][  0]LogConfig: Setting CVar [[s.LevelStreamingComponentsRegistrationGranularity:10]]
[2024.05.31-18.34.39:489][  0]LogConfig: Setting CVar [[s.UnregisterComponentsTimeLimit:1.0]]
[2024.05.31-18.34.39:489][  0]LogConfig: Setting CVar [[s.LevelStreamingComponentsUnregistrationGranularity:5]]
[2024.05.31-18.34.39:489][  0]LogConfig: Setting CVar [[s.FlushStreamingOnExit:1]]
[2024.05.31-18.34.39:489][  0]LogConfig: Applying CVar settings from Section [/Script/Engine.GarbageCollectionSettings] File [C:/Unreal/BingoRPG_UnrealEngine/Saved/Config/Windows/Engine.ini]
[2024.05.31-18.34.39:489][  0]LogConfig: Setting CVar [[gc.MaxObjectsNotConsideredByGC:1]]
[2024.05.31-18.34.39:489][  0]LogConfig: Setting CVar [[gc.SizeOfPermanentObjectPool:0]]
[2024.05.31-18.34.39:489][  0]LogConfig: Setting CVar [[gc.FlushStreamingOnGC:0]]
[2024.05.31-18.34.39:489][  0]LogConfig: Setting CVar [[gc.NumRetriesBeforeForcingGC:10]]
[2024.05.31-18.34.39:489][  0]LogConfig: Setting CVar [[gc.AllowParallelGC:1]]
[2024.05.31-18.34.39:489][  0]LogConfig: Setting CVar [[gc.TimeBetweenPurgingPendingKillObjects:61.1]]
[2024.05.31-18.34.39:489][  0]LogConfig: Setting CVar [[gc.MaxObjectsInEditor:25165824]]
[2024.05.31-18.34.39:489][  0]LogConfig: Setting CVar [[gc.IncrementalBeginDestroyEnabled:1]]
[2024.05.31-18.34.39:489][  0]LogConfig: Setting CVar [[gc.CreateGCClusters:1]]
[2024.05.31-18.34.39:489][  0]LogConfig: Setting CVar [[gc.MinGCClusterSize:5]]
[2024.05.31-18.34.39:489][  0]LogConfig: Setting CVar [[gc.ActorClusteringEnabled:0]]
[2024.05.31-18.34.39:489][  0]LogConfig: Setting CVar [[gc.BlueprintClusteringEnabled:0]]
[2024.05.31-18.34.39:489][  0]LogConfig: Setting CVar [[gc.UseDisregardForGCOnDedicatedServers:0]]
[2024.05.31-18.34.39:489][  0]LogConfig: Setting CVar [[gc.MultithreadedDestructionEnabled:1]]
[2024.05.31-18.34.39:489][  0]LogConfig: Applying CVar settings from Section [/Script/Engine.NetworkSettings] File [C:/Unreal/BingoRPG_UnrealEngine/Saved/Config/Windows/Engine.ini]
[2024.05.31-18.34.39:489][  0]LogConfig: Applying CVar settings from Section [/Script/UnrealEd.CookerSettings] File [C:/Unreal/BingoRPG_UnrealEngine/Saved/Config/Windows/Engine.ini]
[2024.05.31-18.34.39:518][  0]LogConfig: Applying CVar settings from Section [ViewDistanceQuality@3] File [C:/Unreal/BingoRPG_UnrealEngine/Saved/Config/Windows/Scalability.ini]
[2024.05.31-18.34.39:518][  0]LogConfig: Setting CVar [[r.SkeletalMeshLODBias:0]]
[2024.05.31-18.34.39:518][  0]LogConfig: Setting CVar [[r.ViewDistanceScale:1.0]]
[2024.05.31-18.34.39:518][  0]LogConfig: Applying CVar settings from Section [AntiAliasingQuality@3] File [C:/Unreal/BingoRPG_UnrealEngine/Saved/Config/Windows/Scalability.ini]
[2024.05.31-18.34.39:518][  0]LogConfig: Setting CVar [[r.PostProcessAAQuality:4]]
[2024.05.31-18.34.39:518][  0]LogConfig: Applying CVar settings from Section [ShadowQuality@3] File [C:/Unreal/BingoRPG_UnrealEngine/Saved/Config/Windows/Scalability.ini]
[2024.05.31-18.34.39:518][  0]LogConfig: Setting CVar [[r.LightFunctionQuality:1]]
[2024.05.31-18.34.39:518][  0]LogConfig: Setting CVar [[r.ShadowQuality:5]]
[2024.05.31-18.34.39:518][  0]LogConfig: Setting CVar [[r.Shadow.CSM.MaxCascades:10]]
[2024.05.31-18.34.39:518][  0]LogConfig: Setting CVar [[r.Shadow.MaxResolution:2048]]
[2024.05.31-18.34.39:518][  0]LogConfig: Setting CVar [[r.Shadow.MaxCSMResolution:2048]]
[2024.05.31-18.34.39:518][  0]LogConfig: Setting CVar [[r.Shadow.RadiusThreshold:0.01]]
[2024.05.31-18.34.39:518][  0]LogConfig: Setting CVar [[r.Shadow.DistanceScale:1.0]]
[2024.05.31-18.34.39:518][  0]LogConfig: Setting CVar [[r.Shadow.CSM.TransitionScale:1.0]]
[2024.05.31-18.34.39:518][  0]LogConfig: Setting CVar [[r.Shadow.PreShadowResolutionFactor:1.0]]
[2024.05.31-18.34.39:518][  0]LogConfig: Setting CVar [[r.DistanceFieldShadowing:1]]
[2024.05.31-18.34.39:518][  0]LogConfig: Setting CVar [[r.DistanceFieldAO:1]]
[2024.05.31-18.34.39:518][  0]LogConfig: Setting CVar [[r.AOQuality:2]]
[2024.05.31-18.34.39:518][  0]LogConfig: Setting CVar [[r.VolumetricFog:1]]
[2024.05.31-18.34.39:518][  0]LogConfig: Setting CVar [[r.VolumetricFog.GridPixelSize:8]]
[2024.05.31-18.34.39:518][  0]LogConfig: Setting CVar [[r.VolumetricFog.GridSizeZ:128]]
[2024.05.31-18.34.39:518][  0]LogConfig: Setting CVar [[r.VolumetricFog.HistoryMissSupersampleCount:4]]
[2024.05.31-18.34.39:518][  0]LogConfig: Setting CVar [[r.LightMaxDrawDistanceScale:1]]
[2024.05.31-18.34.39:518][  0]LogConfig: Setting CVar [[r.CapsuleShadows:1]]
[2024.05.31-18.34.39:518][  0]LogConfig: Applying CVar settings from Section [PostProcessQuality@3] File [C:/Unreal/BingoRPG_UnrealEngine/Saved/Config/Windows/Scalability.ini]
[2024.05.31-18.34.39:518][  0]LogConfig: Setting CVar [[r.MotionBlurQuality:4]]
[2024.05.31-18.34.39:518][  0]LogConfig: Setting CVar [[r.AmbientOcclusionMipLevelFactor:0.4]]
[2024.05.31-18.34.39:518][  0]LogConfig: Setting CVar [[r.AmbientOcclusionMaxQuality:100]]
[2024.05.31-18.34.39:518][  0]LogConfig: Setting CVar [[r.AmbientOcclusionLevels:-1]]
[2024.05.31-18.34.39:518][  0]LogConfig: Setting CVar [[r.AmbientOcclusionRadiusScale:1.0]]
[2024.05.31-18.34.39:518][  0]LogConfig: Setting CVar [[r.DepthOfFieldQuality:2]]
[2024.05.31-18.34.39:518][  0]LogConfig: Setting CVar [[r.RenderTargetPoolMin:400]]
[2024.05.31-18.34.39:518][  0]LogConfig: Setting CVar [[r.LensFlareQuality:2]]
[2024.05.31-18.34.39:518][  0]LogConfig: Setting CVar [[r.SceneColorFringeQuality:1]]
[2024.05.31-18.34.39:518][  0]LogConfig: Setting CVar [[r.EyeAdaptationQuality:2]]
[2024.05.31-18.34.39:518][  0]LogConfig: Setting CVar [[r.BloomQuality:5]]
[2024.05.31-18.34.39:518][  0]LogConfig: Setting CVar [[r.FastBlurThreshold:100]]
[2024.05.31-18.34.39:518][  0]LogConfig: Setting CVar [[r.Upscale.Quality:3]]
[2024.05.31-18.34.39:518][  0]LogConfig: Setting CVar [[r.Tonemapper.GrainQuantization:1]]
[2024.05.31-18.34.39:518][  0]LogConfig: Setting CVar [[r.LightShaftQuality:1]]
[2024.05.31-18.34.39:518][  0]LogConfig: Setting CVar [[r.Filter.SizeScale:1]]
[2024.05.31-18.34.39:518][  0]LogConfig: Setting CVar [[r.Tonemapper.Quality:5]]
[2024.05.31-18.34.39:518][  0]LogConfig: Setting CVar [[r.DOF.Gather.AccumulatorQuality:1        ; higher gathering accumulator quality]]
[2024.05.31-18.34.39:518][  0]LogConfig: Setting CVar [[r.DOF.Gather.PostfilterMethod:1          ; Median3x3 postfilering method]]
[2024.05.31-18.34.39:518][  0]LogConfig: Setting CVar [[r.DOF.Gather.EnableBokehSettings:0       ; no bokeh simulation when gathering]]
[2024.05.31-18.34.39:518][  0]LogConfig: Setting CVar [[r.DOF.Gather.RingCount:4                 ; medium number of samples when gathering]]
[2024.05.31-18.34.39:518][  0]LogConfig: Setting CVar [[r.DOF.Scatter.ForegroundCompositing:1    ; additive foreground scattering]]
[2024.05.31-18.34.39:518][  0]LogConfig: Setting CVar [[r.DOF.Scatter.BackgroundCompositing:2    ; additive background scattering]]
[2024.05.31-18.34.39:518][  0]LogConfig: Setting CVar [[r.DOF.Scatter.EnableBokehSettings:1      ; bokeh simulation when scattering]]
[2024.05.31-18.34.39:518][  0]LogConfig: Setting CVar [[r.DOF.Scatter.MaxSpriteRatio:0.1         ; only a maximum of 10% of scattered bokeh]]
[2024.05.31-18.34.39:518][  0]LogConfig: Setting CVar [[r.DOF.Recombine.Quality:1                ; cheap slight out of focus]]
[2024.05.31-18.34.39:518][  0]LogConfig: Setting CVar [[r.DOF.Recombine.EnableBokehSettings:0    ; no bokeh simulation on slight out of focus]]
[2024.05.31-18.34.39:518][  0]LogConfig: Setting CVar [[r.DOF.TemporalAAQuality:1                ; more stable temporal accumulation]]
[2024.05.31-18.34.39:518][  0]LogConfig: Setting CVar [[r.DOF.Kernel.MaxForegroundRadius:0.025]]
[2024.05.31-18.34.39:518][  0]LogConfig: Setting CVar [[r.DOF.Kernel.MaxBackgroundRadius:0.025]]
[2024.05.31-18.34.39:518][  0]LogConfig: Applying CVar settings from Section [TextureQuality@3] File [C:/Unreal/BingoRPG_UnrealEngine/Saved/Config/Windows/Scalability.ini]
[2024.05.31-18.34.39:518][  0]LogConfig: Setting CVar [[r.Streaming.MipBias:0]]
[2024.05.31-18.34.39:518][  0]LogConfig: Setting CVar [[r.Streaming.AmortizeCPUToGPUCopy:0]]
[2024.05.31-18.34.39:518][  0]LogConfig: Setting CVar [[r.Streaming.MaxNumTexturesToStreamPerFrame:0]]
[2024.05.31-18.34.39:518][  0]LogConfig: Setting CVar [[r.Streaming.Boost:1]]
[2024.05.31-18.34.39:518][  0]LogConfig: Setting CVar [[r.MaxAnisotropy:8]]
[2024.05.31-18.34.39:519][  0]LogConfig: Setting CVar [[r.VT.MaxAnisotropy:8]]
[2024.05.31-18.34.39:519][  0]LogConfig: Setting CVar [[r.Streaming.LimitPoolSizeToVRAM:0]]
[2024.05.31-18.34.39:519][  0]LogConfig: Setting CVar [[r.Streaming.PoolSize:1000]]
[2024.05.31-18.34.39:519][  0]LogConfig: Setting CVar [[r.Streaming.MaxEffectiveScreenSize:0]]
[2024.05.31-18.34.39:519][  0]LogConfig: Applying CVar settings from Section [EffectsQuality@3] File [C:/Unreal/BingoRPG_UnrealEngine/Saved/Config/Windows/Scalability.ini]
[2024.05.31-18.34.39:519][  0]LogConfig: Setting CVar [[r.TranslucencyLightingVolumeDim:64]]
[2024.05.31-18.34.39:519][  0]LogConfig: Setting CVar [[r.RefractionQuality:2]]
[2024.05.31-18.34.39:519][  0]LogConfig: Setting CVar [[r.SSR.Quality:3]]
[2024.05.31-18.34.39:519][  0]LogConfig: Setting CVar [[r.SSR.HalfResSceneColor:0]]
[2024.05.31-18.34.39:519][  0]LogConfig: Setting CVar [[r.SceneColorFormat:4]]
[2024.05.31-18.34.39:519][  0]LogConfig: Setting CVar [[r.DetailMode:2]]
[2024.05.31-18.34.39:519][  0]LogConfig: Setting CVar [[r.TranslucencyVolumeBlur:1]]
[2024.05.31-18.34.39:519][  0]LogConfig: Setting CVar [[r.MaterialQualityLevel:1 ; High quality]]
[2024.05.31-18.34.39:519][  0]LogConfig: Setting CVar [[r.AnisotropicMaterials:1]]
[2024.05.31-18.34.39:519][  0]LogConfig: Setting CVar [[r.SSS.Scale:1]]
[2024.05.31-18.34.39:519][  0]LogConfig: Setting CVar [[r.SSS.SampleSet:2]]
[2024.05.31-18.34.39:519][  0]LogConfig: Setting CVar [[r.SSS.Quality:1]]
[2024.05.31-18.34.39:519][  0]LogConfig: Setting CVar [[r.SSS.HalfRes:0]]
[2024.05.31-18.34.39:519][  0]LogConfig: Setting CVar [[r.SSGI.Quality:3]]
[2024.05.31-18.34.39:519][  0]LogConfig: Setting CVar [[r.EmitterSpawnRateScale:1.0]]
[2024.05.31-18.34.39:519][  0]LogConfig: Setting CVar [[r.ParticleLightQuality:2]]
[2024.05.31-18.34.39:519][  0]LogConfig: Setting CVar [[r.SkyAtmosphere.AerialPerspectiveLUT.FastApplyOnOpaque:1 ; Always have FastSkyLUT 1 in this case to avoid wrong sky]]
[2024.05.31-18.34.39:519][  0]LogConfig: Setting CVar [[r.SkyAtmosphere.AerialPerspectiveLUT.SampleCountMaxPerSlice:4]]
[2024.05.31-18.34.39:519][  0]LogConfig: Setting CVar [[r.SkyAtmosphere.AerialPerspectiveLUT.DepthResolution:16.0]]
[2024.05.31-18.34.39:519][  0]LogConfig: Setting CVar [[r.SkyAtmosphere.FastSkyLUT:1]]
[2024.05.31-18.34.39:519][  0]LogConfig: Setting CVar [[r.SkyAtmosphere.FastSkyLUT.SampleCountMin:4.0]]
[2024.05.31-18.34.39:519][  0]LogConfig: Setting CVar [[r.SkyAtmosphere.FastSkyLUT.SampleCountMax:128.0]]
[2024.05.31-18.34.39:519][  0]LogConfig: Setting CVar [[r.SkyAtmosphere.SampleCountMin:4.0]]
[2024.05.31-18.34.39:519][  0]LogConfig: Setting CVar [[r.SkyAtmosphere.SampleCountMax:128.0]]
[2024.05.31-18.34.39:519][  0]LogConfig: Setting CVar [[r.SkyAtmosphere.TransmittanceLUT.UseSmallFormat:0]]
[2024.05.31-18.34.39:519][  0]LogConfig: Setting CVar [[r.SkyAtmosphere.TransmittanceLUT.SampleCount:10.0]]
[2024.05.31-18.34.39:519][  0]LogConfig: Setting CVar [[r.SkyAtmosphere.MultiScatteringLUT.SampleCount:15.0]]
[2024.05.31-18.34.39:519][  0]LogConfig: Setting CVar [[r.SkyLight.RealTimeReflectionCapture:1]]
[2024.05.31-18.34.39:519][  0]LogConfig: Applying CVar settings from Section [FoliageQuality@3] File [C:/Unreal/BingoRPG_UnrealEngine/Saved/Config/Windows/Scalability.ini]
[2024.05.31-18.34.39:519][  0]LogConfig: Setting CVar [[foliage.DensityScale:1.0]]
[2024.05.31-18.34.39:519][  0]LogConfig: Setting CVar [[grass.DensityScale:1.0]]
[2024.05.31-18.34.39:519][  0]LogConfig: Applying CVar settings from Section [ShadingQuality@3] File [C:/Unreal/BingoRPG_UnrealEngine/Saved/Config/Windows/Scalability.ini]
[2024.05.31-18.34.39:519][  0]LogConfig: Setting CVar [[r.HairStrands.SkyLighting.IntegrationType:2]]
[2024.05.31-18.34.39:519][  0]LogConfig: Setting CVar [[r.HairStrands.SkyAO.SampleCount:4]]
[2024.05.31-18.34.39:519][  0]LogConfig: Setting CVar [[r.HairStrands.Visibility.MSAA.SamplePerPixel:4]]
[2024.05.31-18.34.39:519][  0]LogInit: Selected Device Profile: [Windows]
[2024.05.31-18.34.39:519][  0]LogInit: Applying CVar settings loaded from the selected device profile: [Windows]
[2024.05.31-18.34.39:519][  0]LogHAL: Display: Platform has ~ 16 GB [17063370752 / 17179869184 / 16], which maps to Larger [LargestMinGB=32, LargerMinGB=12, DefaultMinGB=8, SmallerMinGB=6, SmallestMinGB=0)
[2024.05.31-18.34.39:519][  0]LogInit: Going up to parent DeviceProfile []
[2024.05.31-18.34.39:519][  0]LogConfig: Applying CVar settings from Section [ViewDistanceQuality@3] File [C:/Unreal/BingoRPG_UnrealEngine/Saved/Config/Windows/Scalability.ini]
[2024.05.31-18.34.39:519][  0]LogConfig: Setting CVar [[r.SkeletalMeshLODBias:0]]
[2024.05.31-18.34.39:519][  0]LogConfig: Setting CVar [[r.ViewDistanceScale:1.0]]
[2024.05.31-18.34.39:519][  0]LogConfig: Applying CVar settings from Section [AntiAliasingQuality@3] File [C:/Unreal/BingoRPG_UnrealEngine/Saved/Config/Windows/Scalability.ini]
[2024.05.31-18.34.39:519][  0]LogConfig: Setting CVar [[r.PostProcessAAQuality:4]]
[2024.05.31-18.34.39:519][  0]LogConfig: Applying CVar settings from Section [ShadowQuality@3] File [C:/Unreal/BingoRPG_UnrealEngine/Saved/Config/Windows/Scalability.ini]
[2024.05.31-18.34.39:519][  0]LogConfig: Setting CVar [[r.LightFunctionQuality:1]]
[2024.05.31-18.34.39:519][  0]LogConfig: Setting CVar [[r.ShadowQuality:5]]
[2024.05.31-18.34.39:519][  0]LogConfig: Setting CVar [[r.Shadow.CSM.MaxCascades:10]]
[2024.05.31-18.34.39:519][  0]LogConfig: Setting CVar [[r.Shadow.MaxResolution:2048]]
[2024.05.31-18.34.39:519][  0]LogConfig: Setting CVar [[r.Shadow.MaxCSMResolution:2048]]
[2024.05.31-18.34.39:519][  0]LogConfig: Setting CVar [[r.Shadow.RadiusThreshold:0.01]]
[2024.05.31-18.34.39:519][  0]LogConfig: Setting CVar [[r.Shadow.DistanceScale:1.0]]
[2024.05.31-18.34.39:519][  0]LogConfig: Setting CVar [[r.Shadow.CSM.TransitionScale:1.0]]
[2024.05.31-18.34.39:519][  0]LogConfig: Setting CVar [[r.Shadow.PreShadowResolutionFactor:1.0]]
[2024.05.31-18.34.39:519][  0]LogConfig: Setting CVar [[r.DistanceFieldShadowing:1]]
[2024.05.31-18.34.39:519][  0]LogConfig: Setting CVar [[r.DistanceFieldAO:1]]
[2024.05.31-18.34.39:519][  0]LogConfig: Setting CVar [[r.AOQuality:2]]
[2024.05.31-18.34.39:519][  0]LogConfig: Setting CVar [[r.VolumetricFog:1]]
[2024.05.31-18.34.39:519][  0]LogConfig: Setting CVar [[r.VolumetricFog.GridPixelSize:8]]
[2024.05.31-18.34.39:519][  0]LogConfig: Setting CVar [[r.VolumetricFog.GridSizeZ:128]]
[2024.05.31-18.34.39:519][  0]LogConfig: Setting CVar [[r.VolumetricFog.HistoryMissSupersampleCount:4]]
[2024.05.31-18.34.39:519][  0]LogConfig: Setting CVar [[r.LightMaxDrawDistanceScale:1]]
[2024.05.31-18.34.39:519][  0]LogConfig: Setting CVar [[r.CapsuleShadows:1]]
[2024.05.31-18.34.39:519][  0]LogConfig: Applying CVar settings from Section [PostProcessQuality@3] File [C:/Unreal/BingoRPG_UnrealEngine/Saved/Config/Windows/Scalability.ini]
[2024.05.31-18.34.39:519][  0]LogConfig: Setting CVar [[r.MotionBlurQuality:4]]
[2024.05.31-18.34.39:519][  0]LogConfig: Setting CVar [[r.AmbientOcclusionMipLevelFactor:0.4]]
[2024.05.31-18.34.39:519][  0]LogConfig: Setting CVar [[r.AmbientOcclusionMaxQuality:100]]
[2024.05.31-18.34.39:519][  0]LogConfig: Setting CVar [[r.AmbientOcclusionLevels:-1]]
[2024.05.31-18.34.39:519][  0]LogConfig: Setting CVar [[r.AmbientOcclusionRadiusScale:1.0]]
[2024.05.31-18.34.39:519][  0]LogConfig: Setting CVar [[r.DepthOfFieldQuality:2]]
[2024.05.31-18.34.39:519][  0]LogConfig: Setting CVar [[r.RenderTargetPoolMin:400]]
[2024.05.31-18.34.39:519][  0]LogConfig: Setting CVar [[r.LensFlareQuality:2]]
[2024.05.31-18.34.39:519][  0]LogConfig: Setting CVar [[r.SceneColorFringeQuality:1]]
[2024.05.31-18.34.39:519][  0]LogConfig: Setting CVar [[r.EyeAdaptationQuality:2]]
[2024.05.31-18.34.39:519][  0]LogConfig: Setting CVar [[r.BloomQuality:5]]
[2024.05.31-18.34.39:519][  0]LogConfig: Setting CVar [[r.FastBlurThreshold:100]]
[2024.05.31-18.34.39:519][  0]LogConfig: Setting CVar [[r.Upscale.Quality:3]]
[2024.05.31-18.34.39:519][  0]LogConfig: Setting CVar [[r.Tonemapper.GrainQuantization:1]]
[2024.05.31-18.34.39:519][  0]LogConfig: Setting CVar [[r.LightShaftQuality:1]]
[2024.05.31-18.34.39:519][  0]LogConfig: Setting CVar [[r.Filter.SizeScale:1]]
[2024.05.31-18.34.39:519][  0]LogConfig: Setting CVar [[r.Tonemapper.Quality:5]]
[2024.05.31-18.34.39:519][  0]LogConfig: Setting CVar [[r.DOF.Gather.AccumulatorQuality:1        ; higher gathering accumulator quality]]
[2024.05.31-18.34.39:519][  0]LogConfig: Setting CVar [[r.DOF.Gather.PostfilterMethod:1          ; Median3x3 postfilering method]]
[2024.05.31-18.34.39:519][  0]LogConfig: Setting CVar [[r.DOF.Gather.EnableBokehSettings:0       ; no bokeh simulation when gathering]]
[2024.05.31-18.34.39:519][  0]LogConfig: Setting CVar [[r.DOF.Gather.RingCount:4                 ; medium number of samples when gathering]]
[2024.05.31-18.34.39:519][  0]LogConfig: Setting CVar [[r.DOF.Scatter.ForegroundCompositing:1    ; additive foreground scattering]]
[2024.05.31-18.34.39:519][  0]LogConfig: Setting CVar [[r.DOF.Scatter.BackgroundCompositing:2    ; additive background scattering]]
[2024.05.31-18.34.39:519][  0]LogConfig: Setting CVar [[r.DOF.Scatter.EnableBokehSettings:1      ; bokeh simulation when scattering]]
[2024.05.31-18.34.39:519][  0]LogConfig: Setting CVar [[r.DOF.Scatter.MaxSpriteRatio:0.1         ; only a maximum of 10% of scattered bokeh]]
[2024.05.31-18.34.39:519][  0]LogConfig: Setting CVar [[r.DOF.Recombine.Quality:1                ; cheap slight out of focus]]
[2024.05.31-18.34.39:519][  0]LogConfig: Setting CVar [[r.DOF.Recombine.EnableBokehSettings:0    ; no bokeh simulation on slight out of focus]]
[2024.05.31-18.34.39:519][  0]LogConfig: Setting CVar [[r.DOF.TemporalAAQuality:1                ; more stable temporal accumulation]]
[2024.05.31-18.34.39:519][  0]LogConfig: Setting CVar [[r.DOF.Kernel.MaxForegroundRadius:0.025]]
[2024.05.31-18.34.39:520][  0]LogConfig: Setting CVar [[r.DOF.Kernel.MaxBackgroundRadius:0.025]]
[2024.05.31-18.34.39:520][  0]LogConfig: Applying CVar settings from Section [TextureQuality@3] File [C:/Unreal/BingoRPG_UnrealEngine/Saved/Config/Windows/Scalability.ini]
[2024.05.31-18.34.39:520][  0]LogConfig: Setting CVar [[r.Streaming.MipBias:0]]
[2024.05.31-18.34.39:520][  0]LogConfig: Setting CVar [[r.Streaming.AmortizeCPUToGPUCopy:0]]
[2024.05.31-18.34.39:520][  0]LogConfig: Setting CVar [[r.Streaming.MaxNumTexturesToStreamPerFrame:0]]
[2024.05.31-18.34.39:520][  0]LogConfig: Setting CVar [[r.Streaming.Boost:1]]
[2024.05.31-18.34.39:520][  0]LogConfig: Setting CVar [[r.MaxAnisotropy:8]]
[2024.05.31-18.34.39:520][  0]LogConfig: Setting CVar [[r.VT.MaxAnisotropy:8]]
[2024.05.31-18.34.39:520][  0]LogConfig: Setting CVar [[r.Streaming.LimitPoolSizeToVRAM:0]]
[2024.05.31-18.34.39:520][  0]LogConfig: Setting CVar [[r.Streaming.PoolSize:1000]]
[2024.05.31-18.34.39:520][  0]LogConfig: Setting CVar [[r.Streaming.MaxEffectiveScreenSize:0]]
[2024.05.31-18.34.39:520][  0]LogConfig: Applying CVar settings from Section [EffectsQuality@3] File [C:/Unreal/BingoRPG_UnrealEngine/Saved/Config/Windows/Scalability.ini]
[2024.05.31-18.34.39:520][  0]LogConfig: Setting CVar [[r.TranslucencyLightingVolumeDim:64]]
[2024.05.31-18.34.39:520][  0]LogConfig: Setting CVar [[r.RefractionQuality:2]]
[2024.05.31-18.34.39:520][  0]LogConfig: Setting CVar [[r.SSR.Quality:3]]
[2024.05.31-18.34.39:520][  0]LogConfig: Setting CVar [[r.SSR.HalfResSceneColor:0]]
[2024.05.31-18.34.39:520][  0]LogConfig: Setting CVar [[r.SceneColorFormat:4]]
[2024.05.31-18.34.39:520][  0]LogConfig: Setting CVar [[r.DetailMode:2]]
[2024.05.31-18.34.39:520][  0]LogConfig: Setting CVar [[r.TranslucencyVolumeBlur:1]]
[2024.05.31-18.34.39:520][  0]LogConfig: Setting CVar [[r.MaterialQualityLevel:1 ; High quality]]
[2024.05.31-18.34.39:520][  0]LogConfig: Setting CVar [[r.AnisotropicMaterials:1]]
[2024.05.31-18.34.39:520][  0]LogConfig: Setting CVar [[r.SSS.Scale:1]]
[2024.05.31-18.34.39:520][  0]LogConfig: Setting CVar [[r.SSS.SampleSet:2]]
[2024.05.31-18.34.39:520][  0]LogConfig: Setting CVar [[r.SSS.Quality:1]]
[2024.05.31-18.34.39:520][  0]LogConfig: Setting CVar [[r.SSS.HalfRes:0]]
[2024.05.31-18.34.39:520][  0]LogConfig: Setting CVar [[r.SSGI.Quality:3]]
[2024.05.31-18.34.39:520][  0]LogConfig: Setting CVar [[r.EmitterSpawnRateScale:1.0]]
[2024.05.31-18.34.39:520][  0]LogConfig: Setting CVar [[r.ParticleLightQuality:2]]
[2024.05.31-18.34.39:520][  0]LogConfig: Setting CVar [[r.SkyAtmosphere.AerialPerspectiveLUT.FastApplyOnOpaque:1 ; Always have FastSkyLUT 1 in this case to avoid wrong sky]]
[2024.05.31-18.34.39:520][  0]LogConfig: Setting CVar [[r.SkyAtmosphere.AerialPerspectiveLUT.SampleCountMaxPerSlice:4]]
[2024.05.31-18.34.39:520][  0]LogConfig: Setting CVar [[r.SkyAtmosphere.AerialPerspectiveLUT.DepthResolution:16.0]]
[2024.05.31-18.34.39:520][  0]LogConfig: Setting CVar [[r.SkyAtmosphere.FastSkyLUT:1]]
[2024.05.31-18.34.39:520][  0]LogConfig: Setting CVar [[r.SkyAtmosphere.FastSkyLUT.SampleCountMin:4.0]]
[2024.05.31-18.34.39:520][  0]LogConfig: Setting CVar [[r.SkyAtmosphere.FastSkyLUT.SampleCountMax:128.0]]
[2024.05.31-18.34.39:520][  0]LogConfig: Setting CVar [[r.SkyAtmosphere.SampleCountMin:4.0]]
[2024.05.31-18.34.39:520][  0]LogConfig: Setting CVar [[r.SkyAtmosphere.SampleCountMax:128.0]]
[2024.05.31-18.34.39:520][  0]LogConfig: Setting CVar [[r.SkyAtmosphere.TransmittanceLUT.UseSmallFormat:0]]
[2024.05.31-18.34.39:520][  0]LogConfig: Setting CVar [[r.SkyAtmosphere.TransmittanceLUT.SampleCount:10.0]]
[2024.05.31-18.34.39:520][  0]LogConfig: Setting CVar [[r.SkyAtmosphere.MultiScatteringLUT.SampleCount:15.0]]
[2024.05.31-18.34.39:520][  0]LogConfig: Setting CVar [[r.SkyLight.RealTimeReflectionCapture:1]]
[2024.05.31-18.34.39:520][  0]LogConfig: Applying CVar settings from Section [FoliageQuality@3] File [C:/Unreal/BingoRPG_UnrealEngine/Saved/Config/Windows/Scalability.ini]
[2024.05.31-18.34.39:520][  0]LogConfig: Setting CVar [[foliage.DensityScale:1.0]]
[2024.05.31-18.34.39:520][  0]LogConfig: Setting CVar [[grass.DensityScale:1.0]]
[2024.05.31-18.34.39:520][  0]LogConfig: Applying CVar settings from Section [ShadingQuality@3] File [C:/Unreal/BingoRPG_UnrealEngine/Saved/Config/Windows/Scalability.ini]
[2024.05.31-18.34.39:520][  0]LogConfig: Setting CVar [[r.HairStrands.SkyLighting.IntegrationType:2]]
[2024.05.31-18.34.39:520][  0]LogConfig: Setting CVar [[r.HairStrands.SkyAO.SampleCount:4]]
[2024.05.31-18.34.39:520][  0]LogConfig: Setting CVar [[r.HairStrands.Visibility.MSAA.SamplePerPixel:4]]
[2024.05.31-18.34.39:520][  0]LogConfig: Applying CVar settings from Section [Startup] File [../../../Engine/Config/ConsoleVariables.ini]
[2024.05.31-18.34.39:520][  0]LogConfig: Setting CVar [[net.UseAdaptiveNetUpdateFrequency:0]]
[2024.05.31-18.34.39:520][  0]LogConfig: Setting CVar [[p.chaos.AllowCreatePhysxBodies:1]]
[2024.05.31-18.34.39:520][  0]LogConfig: Setting CVar [[fx.SkipVectorVMBackendOptimizations:1]]
[2024.05.31-18.34.39:520][  0]LogConfig: Applying CVar settings from Section [ConsoleVariables] File [C:/Unreal/BingoRPG_UnrealEngine/Saved/Config/Windows/Engine.ini]
[2024.05.31-18.34.39:520][  0]LogConfig: Applying CVar settings from Section [ConsoleVariables] File [C:/Unreal/BingoRPG_UnrealEngine/Saved/Config/Windows/Editor.ini]
[2024.05.31-18.34.39:520][  0]LogInit: Computer: 유지석
[2024.05.31-18.34.39:520][  0]LogInit: User: asdf9
[2024.05.31-18.34.39:520][  0]LogInit: CPU Page size=4096, Cores=6
[2024.05.31-18.34.39:520][  0]LogInit: High frequency timer resolution =10.000000 MHz
[2024.05.31-18.34.39:520][  0]LogMemory: Memory total: Physical=15.9GB (16GB approx)
[2024.05.31-18.34.39:520][  0]LogMemory: Platform Memory Stats for Windows
[2024.05.31-18.34.39:520][  0]LogMemory: Process Physical Memory: 145.96 MB used, 145.96 MB peak
[2024.05.31-18.34.39:520][  0]LogMemory: Process Virtual Memory: 123.94 MB used, 123.94 MB peak
[2024.05.31-18.34.39:520][  0]LogMemory: Physical Memory: 8508.37 MB used,  7764.53 MB free, 16272.90 MB total
[2024.05.31-18.34.39:520][  0]LogMemory: Virtual Memory: 134213512.00 MB used,  4213.42 MB free, 134217728.00 MB total
[2024.05.31-18.34.39:529][  0]LogWindows: WindowsPlatformFeatures enabled
[2024.05.31-18.34.39:560][  0]LogInit: Physics initialised using underlying interface: PhysX
[2024.05.31-18.34.39:561][  0]LogInit: Using OS detected language (ko-KR).
[2024.05.31-18.34.39:561][  0]LogInit: Using OS detected locale (ko-KR).
[2024.05.31-18.34.39:569][  0]LogTextLocalizationManager: No specific localization for 'ko-KR' exists, so the 'ko' localization will be used.
[2024.05.31-18.34.39:680][  0]LogInit: Setting process to per monitor DPI aware
[2024.05.31-18.34.39:691][  0]LogWindowsTextInputMethodSystem: Display: IME system deactivated.
[2024.05.31-18.34.39:707][  0]LogSlate: New Slate User Created.  User Index 0, Is Virtual User: 0
[2024.05.31-18.34.39:707][  0]LogSlate: Slate User Registered.  User Index 0, Is Virtual User: 0
[2024.05.31-18.34.39:904][  0]LogD3D11RHI: Loaded GFSDK_Aftermath_Lib.x64.dll
[2024.05.31-18.34.39:909][  0]LogHMD: Failed to initialize OpenVR with code 110
[2024.05.31-18.34.39:909][  0]LogD3D11RHI: D3D11 min allowed feature level: 11_0
[2024.05.31-18.34.39:909][  0]LogD3D11RHI: D3D11 max allowed feature level: 11_0
[2024.05.31-18.34.39:909][  0]LogD3D11RHI: D3D11 adapters:
[2024.05.31-18.34.40:029][  0]LogD3D11RHI:    0. 'NVIDIA GeForce RTX 3070' (Feature Level 11_0)
[2024.05.31-18.34.40:029][  0]LogD3D11RHI:       8031/0/8136 MB DedicatedVideo/DedicatedSystem/SharedSystem, Outputs:2, VendorId:0x10de
[2024.05.31-18.34.40:032][  0]LogD3D11RHI:    1. 'Microsoft Basic Render Driver' (Feature Level 11_0)
[2024.05.31-18.34.40:032][  0]LogD3D11RHI:       0/0/8136 MB DedicatedVideo/DedicatedSystem/SharedSystem, Outputs:0, VendorId:0x1414
[2024.05.31-18.34.40:032][  0]LogD3D11RHI: Chosen D3D11 Adapter:
[2024.05.31-18.34.40:032][  0]LogD3D11RHI:     Description : NVIDIA GeForce RTX 3070
[2024.05.31-18.34.40:032][  0]LogD3D11RHI:     VendorId    : 10de
[2024.05.31-18.34.40:032][  0]LogD3D11RHI:     DeviceId    : 2484
[2024.05.31-18.34.40:032][  0]LogD3D11RHI:     SubSysId    : 87be1043
[2024.05.31-18.34.40:032][  0]LogD3D11RHI:     Revision    : 00a1
[2024.05.31-18.34.40:032][  0]LogD3D11RHI:     DedicatedVideoMemory : 8421113856 bytes
[2024.05.31-18.34.40:032][  0]LogD3D11RHI:     DedicatedSystemMemory : 0 bytes
[2024.05.31-18.34.40:032][  0]LogD3D11RHI:     SharedSystemMemory : 8531685376 bytes
[2024.05.31-18.34.40:032][  0]LogD3D11RHI:     AdapterLuid : 0 50824
[2024.05.31-18.34.40:039][  0]LogD3D11RHI: Creating new Direct3DDevice
[2024.05.31-18.34.40:039][  0]LogD3D11RHI:     GPU DeviceId: 0x2484 (for the marketing name, search the web for "GPU Device Id")
[2024.05.31-18.34.40:039][  0]LogWindows: EnumDisplayDevices:
[2024.05.31-18.34.40:040][  0]LogWindows:    0. 'NVIDIA GeForce RTX 3070' (P:1 D:1)
[2024.05.31-18.34.40:040][  0]LogWindows:    1. 'NVIDIA GeForce RTX 3070' (P:0 D:1)
[2024.05.31-18.34.40:040][  0]LogWindows:    2. 'NVIDIA GeForce RTX 3070' (P:0 D:0)
[2024.05.31-18.34.40:040][  0]LogWindows:    3. 'NVIDIA GeForce RTX 3070' (P:0 D:0)
[2024.05.31-18.34.40:041][  0]LogWindows: DebugString: FoundDriverCount:4 
[2024.05.31-18.34.40:041][  0]LogD3D11RHI:     Adapter Name: NVIDIA GeForce RTX 3070
[2024.05.31-18.34.40:041][  0]LogD3D11RHI:   Driver Version: 527.56 (internal:31.0.15.2756, unified:527.56)
[2024.05.31-18.34.40:041][  0]LogD3D11RHI:      Driver Date: 12-5-2022
[2024.05.31-18.34.40:041][  0]LogRHI: Texture pool is 5621 MB (70% of 8031 MB)
[2024.05.31-18.34.40:041][  0]LogD3D11RHI: Creating D3DDevice using adapter:
[2024.05.31-18.34.40:041][  0]LogD3D11RHI:     Description : NVIDIA GeForce RTX 3070
[2024.05.31-18.34.40:041][  0]LogD3D11RHI:     VendorId    : 10de
[2024.05.31-18.34.40:041][  0]LogD3D11RHI:     DeviceId    : 2484
[2024.05.31-18.34.40:041][  0]LogD3D11RHI:     SubSysId    : 87be1043
[2024.05.31-18.34.40:041][  0]LogD3D11RHI:     Revision    : 00a1
[2024.05.31-18.34.40:041][  0]LogD3D11RHI:     DedicatedVideoMemory : 8421113856 bytes
[2024.05.31-18.34.40:041][  0]LogD3D11RHI:     DedicatedSystemMemory : 0 bytes
[2024.05.31-18.34.40:041][  0]LogD3D11RHI:     SharedSystemMemory : 8531685376 bytes
[2024.05.31-18.34.40:041][  0]LogD3D11RHI:     AdapterLuid : 0 50824
[2024.05.31-18.34.40:097][  0]LogD3D11RHI: RHI has support for 64 bit atomics
[2024.05.31-18.34.40:097][  0]LogD3D11RHI: Async texture creation enabled
[2024.05.31-18.34.40:097][  0]LogD3D11RHI: Array index from any shader is supported
[2024.05.31-18.34.40:121][  0]LogD3D11RHI: GPU Timing Frequency: 1000.000000 (Debug: 2 2)
[2024.05.31-18.34.40:159][  0]LogRHI: GeForceNow SDK initialized: 1
[2024.05.31-18.34.40:457][  0]LogTargetPlatformManager: Display: Loaded TargetPlatform 'AllDesktop'
[2024.05.31-18.34.40:481][  0]LogTargetPlatformManager: Display: Loaded TargetPlatform 'Android'
[2024.05.31-18.34.40:481][  0]LogTargetPlatformManager: Display: Loaded TargetPlatform 'Android_ASTC'
[2024.05.31-18.34.40:481][  0]LogTargetPlatformManager: Display: Loaded TargetPlatform 'Android_DXT'
[2024.05.31-18.34.40:481][  0]LogTargetPlatformManager: Display: Loaded TargetPlatform 'Android_ETC2'
[2024.05.31-18.34.40:481][  0]LogTargetPlatformManager: Display: Loaded TargetPlatform 'AndroidClient'
[2024.05.31-18.34.40:481][  0]LogTargetPlatformManager: Display: Loaded TargetPlatform 'Android_ASTCClient'
[2024.05.31-18.34.40:481][  0]LogTargetPlatformManager: Display: Loaded TargetPlatform 'Android_DXTClient'
[2024.05.31-18.34.40:481][  0]LogTargetPlatformManager: Display: Loaded TargetPlatform 'Android_ETC2Client'
[2024.05.31-18.34.40:481][  0]LogTargetPlatformManager: Display: Loaded TargetPlatform 'Android_Multi'
[2024.05.31-18.34.40:481][  0]LogTargetPlatformManager: Display: Loaded TargetPlatform 'Android_MultiClient'
[2024.05.31-18.34.40:505][  0]LogTargetPlatformManager: Display: Loaded TargetPlatform 'IOSClient'
[2024.05.31-18.34.40:505][  0]LogTargetPlatformManager: Display: Loaded TargetPlatform 'IOS'
[2024.05.31-18.34.40:516][  0]LogTargetPlatformManager: Display: Loaded TargetPlatform 'Linux'
[2024.05.31-18.34.40:522][  0]LogTargetPlatformManager: Display: Loaded TargetPlatform 'LinuxNoEditor'
[2024.05.31-18.34.40:530][  0]LogTargetPlatformManager: Display: Loaded TargetPlatform 'LinuxClient'
[2024.05.31-18.34.40:537][  0]LogTargetPlatformManager: Display: Loaded TargetPlatform 'LinuxServer'
[2024.05.31-18.34.40:548][  0]LogTargetPlatformManager: Display: Loaded TargetPlatform 'LinuxAArch64NoEditor'
[2024.05.31-18.34.40:554][  0]LogTargetPlatformManager: Display: Loaded TargetPlatform 'LinuxAArch64Client'
[2024.05.31-18.34.40:560][  0]LogTargetPlatformManager: Display: Loaded TargetPlatform 'LinuxAArch64Server'
[2024.05.31-18.34.40:585][  0]LogTargetPlatformManager: Display: Loaded TargetPlatform 'Lumin'
[2024.05.31-18.34.40:585][  0]LogTargetPlatformManager: Display: Loaded TargetPlatform 'LuminClient'
[2024.05.31-18.34.40:595][  0]LogTargetPlatformManager: Display: Loaded TargetPlatform 'MacNoEditor'
[2024.05.31-18.34.40:601][  0]LogTargetPlatformManager: Display: Loaded TargetPlatform 'Mac'
[2024.05.31-18.34.40:607][  0]LogTargetPlatformManager: Display: Loaded TargetPlatform 'MacClient'
[2024.05.31-18.34.40:613][  0]LogTargetPlatformManager: Display: Loaded TargetPlatform 'MacServer'
[2024.05.31-18.34.40:625][  0]LogTargetPlatformManager: Display: Loaded TargetPlatform 'TVOSClient'
[2024.05.31-18.34.40:625][  0]LogTargetPlatformManager: Display: Loaded TargetPlatform 'TVOS'
[2024.05.31-18.34.40:635][  0]LogTargetPlatformManager: Display: Loaded TargetPlatform 'WindowsNoEditor'
[2024.05.31-18.34.40:641][  0]LogTargetPlatformManager: Display: Loaded TargetPlatform 'Windows'
[2024.05.31-18.34.40:647][  0]LogTargetPlatformManager: Display: Loaded TargetPlatform 'WindowsClient'
[2024.05.31-18.34.40:652][  0]LogTargetPlatformManager: Display: Loaded TargetPlatform 'WindowsServer'
[2024.05.31-18.34.40:652][  0]LogTargetPlatformManager: Display: Building Assets For Windows
[2024.05.31-18.34.40:664][  0]LogAudioDebug: Display: Lib vorbis DLL was dynamically loaded.
[2024.05.31-18.34.40:718][  0]LogTextureFormatOodle: Display: Oodle Texture 2.9.0 init RDO Off
[2024.05.31-18.34.40:765][  0]LogRendererCore: Ray tracing is disabled. Reason: r.RayTracing=0.
[2024.05.31-18.34.40:765][  0]LogShaderCompilers: Guid format shader working directory is -1 characters bigger than the processId version (../../../../../../Unreal/BingoRPG_UnrealEngine/Intermediate/Shaders/WorkingDirectory/25044/).
[2024.05.31-18.34.40:765][  0]LogShaderCompilers: Cleaned the shader compiler working directory 'C:/Users/asdf9/AppData/Local/Temp/UnrealShaderWorkingDir/B7A67F2A42E8A8407BE00A86EEAB0894/'.
[2024.05.31-18.34.40:766][  0]LogXGEController: Cannot use XGE Controller as Incredibuild is not installed on this machine.
[2024.05.31-18.34.40:766][  0]LogShaderCompilers: Cannot use XGE Shader Compiler as Incredibuild is not installed on this machine.
[2024.05.31-18.34.40:766][  0]LogShaderCompilers: Display: Using Local Shader Compiler.
[2024.05.31-18.34.41:405][  0]LogDerivedDataCache: Display: Max Cache Size: 512 MB
[2024.05.31-18.34.41:459][  0]LogDerivedDataCache: Loaded boot cache 0.05s 96MB C:/Users/asdf9/AppData/Local/UnrealEngine/4.27/DerivedDataCache/Boot.ddc.
[2024.05.31-18.34.41:459][  0]LogDerivedDataCache: Display: Loaded Boot cache: C:/Users/asdf9/AppData/Local/UnrealEngine/4.27/DerivedDataCache/Boot.ddc
[2024.05.31-18.34.41:459][  0]LogDerivedDataCache: FDerivedDataBackendGraph:  Pak pak cache file ../../../../../../Unreal/BingoRPG_UnrealEngine/DerivedDataCache/DDC.ddp not found, will not use a pak cache.
[2024.05.31-18.34.41:459][  0]LogDerivedDataCache: Unable to find inner node Pak for hierarchical cache Hierarchy.
[2024.05.31-18.34.41:459][  0]LogDerivedDataCache: FDerivedDataBackendGraph:  CompressedPak pak cache file ../../../../../../Unreal/BingoRPG_UnrealEngine/DerivedDataCache/Compressed.ddp not found, will not use a pak cache.
[2024.05.31-18.34.41:459][  0]LogDerivedDataCache: Unable to find inner node CompressedPak for hierarchical cache Hierarchy.
[2024.05.31-18.34.41:475][  0]LogDerivedDataCache: Display: Pak cache opened for reading ../../../Engine/DerivedDataCache/Compressed.ddp.
[2024.05.31-18.34.41:475][  0]LogDerivedDataCache: FDerivedDataBackendGraph:  EnterprisePak pak cache file ../../../Enterprise/DerivedDataCache/Compressed.ddp not found, will not use a pak cache.
[2024.05.31-18.34.41:475][  0]LogDerivedDataCache: Unable to find inner node EnterprisePak for hierarchical cache Hierarchy.
[2024.05.31-18.34.41:488][  0]LogDerivedDataCache: Speed tests for C:/Users/asdf9/AppData/Local/UnrealEngine/Common/DerivedDataCache took 0.01 seconds
[2024.05.31-18.34.41:488][  0]LogDerivedDataCache: Display: Performance to C:/Users/asdf9/AppData/Local/UnrealEngine/Common/DerivedDataCache: Latency=0.07ms. RandomReadSpeed=566.81MBs, RandomWriteSpeed=99.02MBs. Assigned SpeedClass 'Local'
[2024.05.31-18.34.41:490][  0]LogDerivedDataCache: Using Local data cache path C:/Users/asdf9/AppData/Local/UnrealEngine/Common/DerivedDataCache: Writable
[2024.05.31-18.34.41:490][  0]LogDerivedDataCache: Shared data cache path not found in *engine.ini, will not use an Shared cache.
[2024.05.31-18.34.41:490][  0]LogDerivedDataCache: Unable to find inner node Shared for hierarchical cache Hierarchy.
[2024.05.31-18.34.41:537][  0]LogSlate: Using FreeType 2.10.0
[2024.05.31-18.34.41:537][  0]LogSlate: SlateFontServices - WITH_FREETYPE: 1, WITH_HARFBUZZ: 1
[2024.05.31-18.34.41:562][  0]LogAssetRegistry: FAssetRegistry took 0.0031 seconds to start up
[2024.05.31-18.34.41:774][  0]LogInit: Selected Device Profile: [Windows]
[2024.05.31-18.34.41:774][  0]LogInit: Active device profile: [000001B52EBBAD00][000001B52E160540 49] Windows
[2024.05.31-18.34.41:774][  0]LogInit: Profiles: [000001B52EBBAD00][000001B52E160540 49] Windows, [000001B52EB79500][000001B52E15C680 49] WindowsNoEditor, [000001B52EBB9500][000001B52E1647C0 49] WindowsServer, [000001B52EB7A300][000001B52E168900 49] WindowsClient, [000001B52EBB8E00][000001B52E2C2A80 49] IOS, [000001B52EB7BB00][000001B52E2C6C00 49] iPadAir, [000001B52EBBAB00][000001B52E2CAD80 49] iPadAir2, [000001B52EAFAA00][000001B52E2D3040 49] IPadPro, [000001B52EAFAB00][000001B52E2CF080 49] iPadAir3, [000001B52EBB9600][000001B52E2D7200 49] iPadAir4, [000001B52EAFB500][000001B52E2DB380 49] iPadMini2, [000001B52EBB9700][000001B52E2DF500 49] iPadMini3, [000001B52EAF8E00][000001B52E2E3680 49] iPadMini4, [000001B52EBB8800][000001B52E2E7800 49] iPadMini5, [000001B52EB72300][000001B52E2EFAC0 49] iPhone6, [000001B52EB72400][000001B52E2EBB00 49] iPodTouch6, [000001B52EAF8F00][000001B52E2F6240 49] iPhone7, [000001B52EAF9E00][000001B52E2F2280 49] iPodTouch7, [000001B52EB72D00][000001B52E2FA400 49] iPhone5S, [000001B52EAF8900][000001B52E2FE580 49] iPhone6Plus, [000001B52EB70E00][000001B52E302700 49] iPhone6S, [000001B52EAF9A00][000001B52E16C840 49] iPhone6SPlus, [000001B52EB71D00][000001B52E306980 49] iPhone7Plus, [000001B52EAF9900][000001B52E30AAC0 49] iPhoneSE, [000001B52EB73C00][000001B52852AC40 49] iPhone8, [000001B52EAFA600][000001B52852EDC0 49] iPhone8Plus, [000001B52EB70400][000001B528532F40 49] iPhoneX, [000001B52EAF9600][000001B5285370C0 49] iPhoneXS, [000001B52EB73800][000001B52853B240 49] iPhoneXSMax, [000001B52EAFB700][000001B52853F3C0 49] iPhoneXR, [000001B52EB71100][000001B528543540 49] iPhone11, [000001B52EAFA100][000001B5285476C0 49] iPhone11Pro, [000001B52EB72700][000001B52854B840 49] iPhone11ProMax, [000001B52EAFAF00][000001B52854F9C0 49] iPhoneSE2, [000001B52EB72B00][000001B528553B40 49] iPhone12Mini, [000001B52EAFBB00][000001B528556140 49] iPhone12, [000001B52EB71700][000001B52855A2C0 49] iPhone12Pro, [000001B52EAF9300][000001B52855E440 49] iPhone12ProMax, [000001B52EB71800][000001B5285625C0 49] iPadPro105, [000001B52EAFB000][000001B528566740 49] iPadPro129, [000001B52EB70A00][000001B52856A8C0 49] iPadPro97, [000001B52EAF9C00][000001B528526A00 49] iPadPro2_129, [000001B52EB73F00][000001B52856EB40 49] iPad5, [000001B52EAF8B00][000001B528572C80 49] iPad6, [000001B52EB73000][000001B528576DC0 49] iPad7, [000001B52EAF8800][000001B52857EF40 49] iPad8, [000001B52EB73300][000001B5285830C0 49] iPadPro11, [000001B52EAFBC00][000001B528587240 49] iPadPro2_11, [000001B52EB73100][000001B52858B3C0 49] iPadPro3_129, [000001B52EAFA800][000001B52858F540 49] iPadPro4_129, [000001B52EB70700][000001B5285936C0 49] AppleTV, [000001B52EAF8700][000001B528597840 49] AppleTV4K, [000001B52EB79700][000001B52859B9C0 49] TVOS, [000001B52EBF5000][000001B52E1FBB40 49] Mac, [000001B52EB7A900][000001B52E1FE140 49] MacClient, [000001B52EBF5E00][000001B52E2022C0 49] MacNoEditor, [000001B52EB78A00][000001B52E206440 49] MacServer, [000001B52EBF5600][000001B52E20A5C0 49] Linux, [000001B52EB7AA00][000001B52E20E740 49] LinuxAArch64, [000001B52EBF4500][000001B52E2128C0 49] LinuxNoEditor, [000001B52EB7A600][000001B52E216A40 49] LinuxAArch64NoEditor, [000001B52EBF4C00][000001B52857AB80 49] LinuxClient, [000001B52EB7A100][000001B52E21ACC0 49] LinuxAArch64Client, [000001B52EBF5C00][000001B52E21EE00 49] LinuxServer, [000001B52EB7B800][000001B52E222F40 49] LinuxAArch64Server, [000001B52EBF5700][000001B52E22B0C0 49] Android, [000001B52EB79F00][000001B52E22F240 49] Android_Low, [000001B52EBF4B00][000001B52E2333C0 49] Android_Mid, [000001B52EAFA300][000001B52E237540 49] Android_High, [000001B52EB73600][000001B52E23B6C0 49] Android_Default, [000001B52EAFA500][000001B52E23F840 49] Android_Adreno4xx, [000001B52EB73700][000001B52E2439C0 49] Android_Adreno5xx_Low, [000001B52EAF9F00][000001B52E247B40 49] Android_Adreno5xx, [000001B52EB72600][000001B52E24A140 49] Android_Adreno6xx, [000001B52EAF8300][000001B52E24E2C0 49] Android_Adreno6xx_Vulkan, [000001B52EB71200][000001B52E252440 49] Android_Mali_T6xx, [000001B52EAFBD00][000001B52E2565C0 49] Android_Mali_T7xx, [000001B52EB72500][000001B52E25A740 49] Android_Mali_T8xx, [000001B52EAFB800][000001B52E25E8C0 49] Android_Mali_G71, [000001B52EB70900][000001B52E262A40 49] Android_Mali_G72, [000001B52EAFA000][000001B52E266BC0 49] Android_Mali_G72_Vulkan, [000001B52EBF5100][000001B52E26AD40 49] Android_Mali_G76, [000001B52EAF9800][000001B52E226E80 49] Android_Mali_G76_Vulkan, [000001B52EBF5A00][000001B52E26EFC0 49] Android_Mali_G77, [000001B52EAFA700][000001B52E273100 49] Android_Mali_G77_Vulkan, [000001B52EBF4700][000001B52E27B280 49] Android_Mali_G78, [000001B52EAF8600][000001B52E27F400 49] Android_Mali_G78_Vulkan, [000001B52EBF5200][000001B52E283580 49] Android_Mali_G710, [000001B52EAFA400][000001B52E287700 49] Android_Mali_G710_Vulkan, [000001B52EBF6100][000001B52E28B880 49] Android_Vulkan_SM5, [000001B52EAF8200][000001B52E28FA00 49] Android_PowerVR_G6xxx, [000001B52EB73500][000001B527E41B80 49] Android_PowerVR_GT7xxx, [000001B52EAF8400][000001B527E44180 49] Android_PowerVR_GE8xxx, [000001B52EB70100][000001B527E48300 49] Android_PowerVR_GM9xxx, [000001B52EAFB900][000001B527E4C480 49] Android_PowerVR_GM9xxx_Vulkan, [000001B52EB72C00][000001B527E50600 49] Android_TegraK1, [000001B52EAFBE00][000001B527E54780 49] Android_Unknown_Vulkan, [000001B52EB71A00][000001B527E58900 49] Lumin, [000001B52EAFA900][000001B527E5CA80 49] Lumin_Desktop, [000001B52EB71600][000001B527E60C00 49] HoloLens, 
[2024.05.31-18.34.41:904][  0]LogMeshReduction: Using QuadricMeshReduction for automatic static mesh reduction
[2024.05.31-18.34.41:904][  0]LogMeshReduction: Using SimplygonMeshReduction for automatic skeletal mesh reduction
[2024.05.31-18.34.41:904][  0]LogMeshReduction: Using ProxyLODMeshReduction for automatic mesh merging
[2024.05.31-18.34.41:904][  0]LogMeshReduction: No distributed automatic mesh merging module available
[2024.05.31-18.34.41:904][  0]LogMeshMerging: No distributed automatic mesh merging module available
[2024.05.31-18.34.41:921][  0]LogNetVersion: BingoRPG 1.0.0, NetCL: 17155196, EngineNetVer: 17, GameNetVer: 0 (Checksum: 2240240498)
[2024.05.31-18.34.42:269][  0]LogTexture: Default maximum texture size for cubemaps generated from long-lat sources has been changed from 512 to unlimited. In order to preserve old behaiour for '/Engine/MapTemplates/Sky/DaylightAmbientCubemap.DaylightAmbientCubemap', its maximum texture size has been explicitly set to 512.
[2024.05.31-18.34.42:324][  0]LogHMD: PokeAHoleMaterial loaded successfully
[2024.05.31-18.34.42:330][  0]LogUObjectArray: 17178 objects as part of root set at end of initial load.
[2024.05.31-18.34.42:330][  0]LogUObjectAllocator: 4302048 out of 0 bytes used by permanent object pool.
[2024.05.31-18.34.42:330][  0]LogUObjectArray: CloseDisregardForGC: 0/0 objects in disregard for GC pool
[2024.05.31-18.34.42:679][  0]LogNiagaraDebuggerClient: Niagara Debugger Client Initialized | Session: 0B8D045045EE25D4CA9A37B2AF804077 | Instance: 75F7305F4BB1D682AE6108ABB8BA3275 (유지석-25044).
[2024.05.31-18.34.42:724][  0]LogPython: Using Python 3.7.7
[2024.05.31-18.34.43:309][  0]LogTcpMessaging: Initializing TcpMessaging bridge
[2024.05.31-18.34.43:314][  0]LogUdpMessaging: Initializing bridge on interface 0.0.0.0:0 to multicast group 230.0.0.1:6666.
[2024.05.31-18.34.43:442][  0]SourceControl: 소스 컨트롤이 꺼졌습니다.
[2024.05.31-18.34.43:442][  0]SourceControl: 소스 컨트롤이 꺼졌습니다.
[2024.05.31-18.34.43:447][  0]SourceControl: 소스 컨트롤이 꺼졌습니다.
[2024.05.31-18.34.43:456][  0]SourceControl: 소스 컨트롤이 꺼졌습니다.
[2024.05.31-18.34.43:465][  0]SourceControl: 소스 컨트롤이 꺼졌습니다.
[2024.05.31-18.34.43:473][  0]LogUProjectInfo: Found projects:
[2024.05.31-18.34.43:758][  0]LogOpenImageDenoise: OIDN starting up
[2024.05.31-18.34.43:834][  0]LogAndroidPermission: UAndroidPermissionCallbackProxy::GetInstance
[2024.05.31-18.34.43:860][  0]LogAudioCaptureCore: Display: No Audio Capture implementations found. Audio input will be silent.
[2024.05.31-18.34.43:860][  0]LogAudioCaptureCore: Display: No Audio Capture implementations found. Audio input will be silent.
[2024.05.31-18.34.44:091][  0]LogCollectionManager: Loaded 0 collections in 0.001770 seconds
[2024.05.31-18.34.44:123][  0]LogFileCache: Scanning file cache for directory 'C:/Unreal/BingoRPG_UnrealEngine/Saved/Collections/' took 0.00s
[2024.05.31-18.34.44:123][  0]LogFileCache: Scanning file cache for directory 'C:/Unreal/BingoRPG_UnrealEngine/Content/Developers/asdf9/Collections/' took 0.00s
[2024.05.31-18.34.44:123][  0]LogFileCache: Scanning file cache for directory 'C:/Unreal/BingoRPG_UnrealEngine/Content/Collections/' took 0.00s
[2024.05.31-18.34.44:123][  0]LogOcInput: OculusInput pre-init called
[2024.05.31-18.34.44:352][  0]LogEngine: Initializing Engine...
[2024.05.31-18.34.44:356][  0]LogHMD: Failed to enumerate extensions. Please check that you have a valid OpenXR runtime installed.
[2024.05.31-18.34.44:356][  0]LogHMD: Failed to initialize OpenVR with code 110
[2024.05.31-18.34.44:356][  0]LogMagicLeap: Warning: VR disabled because ZI is not enabled.  To enable, in the editor, Edit -> Project Settings -> Plugins -> Magic Leap Plugin -> Enable Zero Iteration
[2024.05.31-18.34.44:357][  0]LogStats: UGameplayTagsManager::InitializeManager -  0.000 s
[2024.05.31-18.34.44:469][  0]LogInit: Initializing FReadOnlyCVARCache
[2024.05.31-18.34.44:481][  0]LogAIModule: Creating AISystem for world Untitled
[2024.05.31-18.34.44:481][  0]LogAudio: Display: Initializing Audio Device Manager...
[2024.05.31-18.34.44:486][  0]LogAudio: Display: Loading Default Audio Settings Objects...
[2024.05.31-18.34.44:486][  0]LogAudio: Display: No default SoundConcurrencyObject specified (or failed to load).
[2024.05.31-18.34.44:486][  0]LogAudio: Display: Audio Device Manager Initialized
[2024.05.31-18.34.44:486][  0]LogAudio: Display: Creating Audio Device:                 Id: 1, Scope: Shared, Realtime: True
[2024.05.31-18.34.44:487][  0]LogAudioMixer: Display: Audio Mixer Platform Settings:
[2024.05.31-18.34.44:487][  0]LogAudioMixer: Display: 	Sample Rate:						  48000
[2024.05.31-18.34.44:487][  0]LogAudioMixer: Display: 	Callback Buffer Frame Size Requested: 1024
[2024.05.31-18.34.44:487][  0]LogAudioMixer: Display: 	Callback Buffer Frame Size To Use:	  1024
[2024.05.31-18.34.44:487][  0]LogAudioMixer: Display: 	Number of buffers to queue:			  2
[2024.05.31-18.34.44:487][  0]LogAudioMixer: Display: 	Max Channels (voices):				  32
[2024.05.31-18.34.44:487][  0]LogAudioMixer: Display: 	Number of Async Source Workers:		  0
[2024.05.31-18.34.44:487][  0]LogAudio: Display: AudioDevice MaxSources: 32
[2024.05.31-18.34.44:487][  0]LogAudio: Display: Audio Spatialization Plugin: None (built-in).
[2024.05.31-18.34.44:487][  0]LogAudio: Display: Audio Reverb Plugin: None (built-in).
[2024.05.31-18.34.44:487][  0]LogAudio: Display: Audio Occlusion Plugin: None (built-in).
[2024.05.31-18.34.44:487][  0]LogAudioMixer: Display: Initializing audio mixer.
[2024.05.31-18.34.44:500][  0]LogAudioMixer: Display: 0: FrontLeft
[2024.05.31-18.34.44:500][  0]LogAudioMixer: Display: 1: FrontRight
[2024.05.31-18.34.44:519][  0]LogAudioMixer: Display: Using Audio Device DP(NVIDIA High Definition Audio)
[2024.05.31-18.34.44:520][  0]LogAudioMixer: Display: Initializing Sound Submixes...
[2024.05.31-18.34.44:525][  0]LogAudioMixer: Display: Creating Master Submix 'MasterSubmixDefault'
[2024.05.31-18.34.44:525][  0]LogAudioMixer: Display: Creating Master Submix 'MasterReverbSubmixDefault'
[2024.05.31-18.34.44:525][  0]LogAudioMixer: Display: Creating Master Submix 'MasterEQSubmixDefault'
[2024.05.31-18.34.44:525][  0]LogAudioMixer: FMixerPlatformXAudio2::StartAudioStream() called
[2024.05.31-18.34.44:525][  0]LogAudioMixer: Display: Output buffers initialized: Frames=1024, Channels=2, Samples=2048
[2024.05.31-18.34.44:526][  0]LogAudioMixer: Display: Starting AudioMixerPlatformInterface::RunInternal()
[2024.05.31-18.34.44:526][  0]LogAudioMixer: Display: FMixerPlatformXAudio2::SubmitBuffer() called for the first time
[2024.05.31-18.34.44:526][  0]LogInit: FAudioDevice initialized.
[2024.05.31-18.34.44:526][  0]LogAudio: Display: Audio Device (ID: 1) registered with world 'Untitled'.
[2024.05.31-18.34.44:526][  0]LogNetVersion: Set ProjectVersion to 1.0.0.0. Version Checksum will be recalculated on next use.
[2024.05.31-18.34.44:575][  0]LogDerivedDataCache: Saved boot cache 0.05s 96MB C:/Users/asdf9/AppData/Local/UnrealEngine/4.27/DerivedDataCache/Boot.ddc.
[2024.05.31-18.34.44:576][  0]LogInit: Texture streaming: Enabled
[2024.05.31-18.34.44:592][  0]LogAnalytics: Display: [UEEditor.Rocket.Release] APIServer = https://datarouter.ol.epicgames.com/. AppVersion = 4.27.2-18319896+++UE4+Release-4.27
[2024.05.31-18.34.44:597][  0]LogEngineSessionManager: EngineSessionManager initialized
[2024.05.31-18.34.44:598][  0]LogEditorSessionSummary: Verbose: Initializing EditorSessionSummaryWriter for editor session tracking
[2024.05.31-18.34.44:601][  0]LogEditorSessionSummary: EditorSessionSummaryWriter initialized
[2024.05.31-18.34.44:635][  0]LogInit: Transaction tracking system initialized
[2024.05.31-18.34.44:665][  0]BlueprintLog: New page: 에디터 로드
[2024.05.31-18.34.44:752][  0]LocalizationService: 현지화 서비스가 비활성화되었습니다.
[2024.05.31-18.34.44:784][  0]TimingProfiler: Initialize
[2024.05.31-18.34.44:784][  0]TimingProfiler: OnSessionChanged
[2024.05.31-18.34.44:784][  0]LoadingProfiler: Initialize
[2024.05.31-18.34.44:784][  0]LoadingProfiler: OnSessionChanged
[2024.05.31-18.34.44:784][  0]NetworkingProfiler: Initialize
[2024.05.31-18.34.44:784][  0]NetworkingProfiler: OnSessionChanged
[2024.05.31-18.34.44:784][  0]MemoryProfiler: Initialize
[2024.05.31-18.34.44:784][  0]MemoryProfiler: OnSessionChanged
[2024.05.31-18.34.44:947][  0]LogCook: Display: CookSettings for Memory: MemoryMaxUsedVirtual 0MiB, MemoryMaxUsedPhysical 16384MiB, MemoryMinFreeVirtual 0MiB, MemoryMinFreePhysical 1024MiB
[2024.05.31-18.34.44:947][  0]LogCook: Display: Mobile HDR setting 1
[2024.05.31-18.34.45:184][  0]LogFileCache: Scanning file cache for directory 'C:/Unreal/BingoRPG_UnrealEngine/Content/' took 0.01s
[2024.05.31-18.34.45:355][  0]LogInit: Display: Engine is initialized. Leaving FEngineLoop::Init()
[2024.05.31-18.34.45:359][  0]SourceControl: 소스 컨트롤이 꺼졌습니다.
[2024.05.31-18.34.45:359][  0]LogUnrealEdMisc: Loading editor; pre map load, took 7.361
[2024.05.31-18.34.45:359][  0]Cmd: MAP LOAD FILE="../../../../../../Unreal/BingoRPG_UnrealEngine/Content/02Map/BingoMap.umap" TEMPLATE=0 SHOWPROGRESS=1 FEATURELEVEL=3
[2024.05.31-18.34.45:360][  0]LightingResults: New page: 라이팅 빌드
[2024.05.31-18.34.45:361][  0]LogWorld: UWorld::CleanupWorld for Untitled, bSessionEnded=true, bCleanupResources=true
[2024.05.31-18.34.45:361][  0]LogSlate: InvalidateAllWidgets triggered.  All widgets were invalidated
[2024.05.31-18.34.45:361][  0]MapCheck: New page: 맵 체크
[2024.05.31-18.34.45:361][  0]LightingResults: New page: 라이팅 빌드
[2024.05.31-18.34.45:364][  0]LogAudio: Display: Audio Device unregistered from world 'None'.
[2024.05.31-18.34.45:367][  0]LogUObjectHash: Compacting FUObjectHashTables data took   0.81ms
[2024.05.31-18.34.45:927][  0]LogAudio: Display: Audio Device (ID: 1) registered with world 'BingoMap'.
[2024.05.31-18.34.45:927][  0]LogAIModule: Creating AISystem for world BingoMap
[2024.05.31-18.34.45:964][  0]LogEditorServer: Finished looking for orphan Actors (0.000 secs)
[2024.05.31-18.34.45:972][  0]LogUObjectHash: Compacting FUObjectHashTables data took   0.88ms
[2024.05.31-18.34.45:972][  0]Cmd: MAP CHECKDEP NOCLEARLOG
[2024.05.31-18.34.45:972][  0]MapCheck: 맵 체크 완료: 오류 0 회, 경고 0 회, 소요 시간 0.164ms.
[2024.05.31-18.34.45:972][  0]LogFileHelpers: Loading map 'BingoMap' took 0.614
[2024.05.31-18.34.45:975][  0]LogUnrealEdMisc: Total Editor Startup Time, took 7.978
[2024.05.31-18.34.46:104][  0]LogSlate: Updating window title bar state: overlay mode, drag disabled, window buttons hidden, title bar hidden
[2024.05.31-18.34.46:111][  0]LogSlate: Updating window title bar state: overlay mode, drag disabled, window buttons hidden, title bar hidden
[2024.05.31-18.34.46:116][  0]LogSlate: Updating window title bar state: overlay mode, drag disabled, window buttons hidden, title bar hidden
[2024.05.31-18.34.46:120][  0]LogSlate: Updating window title bar state: overlay mode, drag disabled, window buttons hidden, title bar hidden
[2024.05.31-18.34.46:134][  0]LogNativeClassHierarchy: Verbose: Native class hierarchy populated in 0.0087 seconds. Added 3885 classes and 951 folders.
[2024.05.31-18.34.46:136][  0]LogNativeClassHierarchy: Verbose: Native class hierarchy updated for 'WidgetCarousel' in 0.0003 seconds. Added 0 classes and 0 folders.
[2024.05.31-18.34.46:137][  0]LogPakFile: PakFile PrimaryIndexSize=187
[2024.05.31-18.34.46:137][  0]LogPakFile: PakFile PathHashIndexSize=101
[2024.05.31-18.34.46:137][  0]LogPakFile: PakFile FullDirectoryIndexSize=148
[2024.05.31-18.34.46:137][  0]LogShaderLibrary: Display: ShaderCodeLibraryPakFileMountedCallback: PakFile 'C:/Program Files/Epic Games/UE_4.27/FeaturePacks/FP_FirstPerson.upack' (chunk index -1, root 'root:/') mounted
[2024.05.31-18.34.46:137][  0]LogShaderLibrary: Display: ShaderCodeLibraryPakFileMountedCallback: pending pak file info (ChunkID:-1 Root:root:/ File:C:/Program Files/Epic Games/UE_4.27/FeaturePacks/FP_FirstPerson.upack)
[2024.05.31-18.34.46:137][  0]LogPakFile: OnPakFileMounted2Time == 0.000048
[2024.05.31-18.34.46:138][  0]LogPakFile: PakFile PrimaryIndexSize=189
[2024.05.31-18.34.46:138][  0]LogPakFile: PakFile PathHashIndexSize=101
[2024.05.31-18.34.46:138][  0]LogPakFile: PakFile FullDirectoryIndexSize=152
[2024.05.31-18.34.46:138][  0]LogShaderLibrary: Display: ShaderCodeLibraryPakFileMountedCallback: PakFile 'C:/Program Files/Epic Games/UE_4.27/FeaturePacks/FP_FirstPersonBP.upack' (chunk index -1, root 'root:/') mounted
[2024.05.31-18.34.46:138][  0]LogShaderLibrary: Display: ShaderCodeLibraryPakFileMountedCallback: pending pak file info (ChunkID:-1 Root:root:/ File:C:/Program Files/Epic Games/UE_4.27/FeaturePacks/FP_FirstPersonBP.upack)
[2024.05.31-18.34.46:138][  0]LogPakFile: OnPakFileMounted2Time == 0.000033
[2024.05.31-18.34.46:139][  0]LogPakFile: PakFile PrimaryIndexSize=191
[2024.05.31-18.34.46:139][  0]LogPakFile: PakFile PathHashIndexSize=101
[2024.05.31-18.34.46:139][  0]LogPakFile: PakFile FullDirectoryIndexSize=160
[2024.05.31-18.34.46:139][  0]LogShaderLibrary: Display: ShaderCodeLibraryPakFileMountedCallback: PakFile 'C:/Program Files/Epic Games/UE_4.27/FeaturePacks/MobileStarterContent.upack' (chunk index -1, root 'root:/') mounted
[2024.05.31-18.34.46:139][  0]LogShaderLibrary: Display: ShaderCodeLibraryPakFileMountedCallback: pending pak file info (ChunkID:-1 Root:root:/ File:C:/Program Files/Epic Games/UE_4.27/FeaturePacks/MobileStarterContent.upack)
[2024.05.31-18.34.46:139][  0]LogPakFile: OnPakFileMounted2Time == 0.000028
[2024.05.31-18.34.46:139][  0]LogPakFile: PakFile PrimaryIndexSize=185
[2024.05.31-18.34.46:139][  0]LogPakFile: PakFile PathHashIndexSize=101
[2024.05.31-18.34.46:139][  0]LogPakFile: PakFile FullDirectoryIndexSize=148
[2024.05.31-18.34.46:139][  0]LogShaderLibrary: Display: ShaderCodeLibraryPakFileMountedCallback: PakFile 'C:/Program Files/Epic Games/UE_4.27/FeaturePacks/StarterContent.upack' (chunk index -1, root 'root:/') mounted
[2024.05.31-18.34.46:139][  0]LogShaderLibrary: Display: ShaderCodeLibraryPakFileMountedCallback: pending pak file info (ChunkID:-1 Root:root:/ File:C:/Program Files/Epic Games/UE_4.27/FeaturePacks/StarterContent.upack)
[2024.05.31-18.34.46:140][  0]LogPakFile: OnPakFileMounted2Time == 0.000027
[2024.05.31-18.34.46:140][  0]LogPakFile: PakFile PrimaryIndexSize=190
[2024.05.31-18.34.46:140][  0]LogPakFile: PakFile PathHashIndexSize=101
[2024.05.31-18.34.46:140][  0]LogPakFile: PakFile FullDirectoryIndexSize=154
[2024.05.31-18.34.46:140][  0]LogShaderLibrary: Display: ShaderCodeLibraryPakFileMountedCallback: PakFile 'C:/Program Files/Epic Games/UE_4.27/FeaturePacks/TP_2DSideScroller.upack' (chunk index -1, root 'root:/') mounted
[2024.05.31-18.34.46:140][  0]LogShaderLibrary: Display: ShaderCodeLibraryPakFileMountedCallback: pending pak file info (ChunkID:-1 Root:root:/ File:C:/Program Files/Epic Games/UE_4.27/FeaturePacks/TP_2DSideScroller.upack)
[2024.05.31-18.34.46:140][  0]LogPakFile: OnPakFileMounted2Time == 0.000024
[2024.05.31-18.34.46:141][  0]LogPakFile: PakFile PrimaryIndexSize=192
[2024.05.31-18.34.46:141][  0]LogPakFile: PakFile PathHashIndexSize=101
[2024.05.31-18.34.46:141][  0]LogPakFile: PakFile FullDirectoryIndexSize=158
[2024.05.31-18.34.46:141][  0]LogShaderLibrary: Display: ShaderCodeLibraryPakFileMountedCallback: PakFile 'C:/Program Files/Epic Games/UE_4.27/FeaturePacks/TP_2DSideScrollerBP.upack' (chunk index -1, root 'root:/') mounted
[2024.05.31-18.34.46:141][  0]LogShaderLibrary: Display: ShaderCodeLibraryPakFileMountedCallback: pending pak file info (ChunkID:-1 Root:root:/ File:C:/Program Files/Epic Games/UE_4.27/FeaturePacks/TP_2DSideScrollerBP.upack)
[2024.05.31-18.34.46:141][  0]LogPakFile: OnPakFileMounted2Time == 0.000023
[2024.05.31-18.34.46:141][  0]LogPakFile: PakFile PrimaryIndexSize=182
[2024.05.31-18.34.46:141][  0]LogPakFile: PakFile PathHashIndexSize=101
[2024.05.31-18.34.46:141][  0]LogPakFile: PakFile FullDirectoryIndexSize=138
[2024.05.31-18.34.46:141][  0]LogShaderLibrary: Display: ShaderCodeLibraryPakFileMountedCallback: PakFile 'C:/Program Files/Epic Games/UE_4.27/FeaturePacks/TP_Flying.upack' (chunk index -1, root 'root:/') mounted
[2024.05.31-18.34.46:141][  0]LogShaderLibrary: Display: ShaderCodeLibraryPakFileMountedCallback: pending pak file info (ChunkID:-1 Root:root:/ File:C:/Program Files/Epic Games/UE_4.27/FeaturePacks/TP_Flying.upack)
[2024.05.31-18.34.46:141][  0]LogPakFile: OnPakFileMounted2Time == 0.000025
[2024.05.31-18.34.46:142][  0]LogPakFile: PakFile PrimaryIndexSize=184
[2024.05.31-18.34.46:142][  0]LogPakFile: PakFile PathHashIndexSize=101
[2024.05.31-18.34.46:142][  0]LogPakFile: PakFile FullDirectoryIndexSize=142
[2024.05.31-18.34.46:142][  0]LogShaderLibrary: Display: ShaderCodeLibraryPakFileMountedCallback: PakFile 'C:/Program Files/Epic Games/UE_4.27/FeaturePacks/TP_FlyingBP.upack' (chunk index -1, root 'root:/') mounted
[2024.05.31-18.34.46:142][  0]LogShaderLibrary: Display: ShaderCodeLibraryPakFileMountedCallback: pending pak file info (ChunkID:-1 Root:root:/ File:C:/Program Files/Epic Games/UE_4.27/FeaturePacks/TP_FlyingBP.upack)
[2024.05.31-18.34.46:142][  0]LogPakFile: OnPakFileMounted2Time == 0.000026
[2024.05.31-18.34.46:142][  0]LogPakFile: PakFile PrimaryIndexSize=188
[2024.05.31-18.34.46:142][  0]LogPakFile: PakFile PathHashIndexSize=101
[2024.05.31-18.34.46:142][  0]LogPakFile: PakFile FullDirectoryIndexSize=150
[2024.05.31-18.34.46:142][  0]LogShaderLibrary: Display: ShaderCodeLibraryPakFileMountedCallback: PakFile 'C:/Program Files/Epic Games/UE_4.27/FeaturePacks/TP_HandheldARBP.upack' (chunk index -1, root 'root:/') mounted
[2024.05.31-18.34.46:142][  0]LogShaderLibrary: Display: ShaderCodeLibraryPakFileMountedCallback: pending pak file info (ChunkID:-1 Root:root:/ File:C:/Program Files/Epic Games/UE_4.27/FeaturePacks/TP_HandheldARBP.upack)
[2024.05.31-18.34.46:142][  0]LogPakFile: OnPakFileMounted2Time == 0.000022
[2024.05.31-18.34.46:143][  0]LogPakFile: PakFile PrimaryIndexSize=182
[2024.05.31-18.34.46:143][  0]LogPakFile: PakFile PathHashIndexSize=101
[2024.05.31-18.34.46:143][  0]LogPakFile: PakFile FullDirectoryIndexSize=138
[2024.05.31-18.34.46:143][  0]LogShaderLibrary: Display: ShaderCodeLibraryPakFileMountedCallback: PakFile 'C:/Program Files/Epic Games/UE_4.27/FeaturePacks/TP_Puzzle.upack' (chunk index -1, root 'root:/') mounted
[2024.05.31-18.34.46:143][  0]LogShaderLibrary: Display: ShaderCodeLibraryPakFileMountedCallback: pending pak file info (ChunkID:-1 Root:root:/ File:C:/Program Files/Epic Games/UE_4.27/FeaturePacks/TP_Puzzle.upack)
[2024.05.31-18.34.46:143][  0]LogPakFile: OnPakFileMounted2Time == 0.000023
[2024.05.31-18.34.46:143][  0]LogPakFile: PakFile PrimaryIndexSize=184
[2024.05.31-18.34.46:143][  0]LogPakFile: PakFile PathHashIndexSize=101
[2024.05.31-18.34.46:143][  0]LogPakFile: PakFile FullDirectoryIndexSize=142
[2024.05.31-18.34.46:144][  0]LogShaderLibrary: Display: ShaderCodeLibraryPakFileMountedCallback: PakFile 'C:/Program Files/Epic Games/UE_4.27/FeaturePacks/TP_PuzzleBP.upack' (chunk index -1, root 'root:/') mounted
[2024.05.31-18.34.46:144][  0]LogShaderLibrary: Display: ShaderCodeLibraryPakFileMountedCallback: pending pak file info (ChunkID:-1 Root:root:/ File:C:/Program Files/Epic Games/UE_4.27/FeaturePacks/TP_PuzzleBP.upack)
[2024.05.31-18.34.46:144][  0]LogPakFile: OnPakFileMounted2Time == 0.000029
[2024.05.31-18.34.46:144][  0]LogPakFile: PakFile PrimaryIndexSize=183
[2024.05.31-18.34.46:144][  0]LogPakFile: PakFile PathHashIndexSize=101
[2024.05.31-18.34.46:144][  0]LogPakFile: PakFile FullDirectoryIndexSize=140
[2024.05.31-18.34.46:144][  0]LogShaderLibrary: Display: ShaderCodeLibraryPakFileMountedCallback: PakFile 'C:/Program Files/Epic Games/UE_4.27/FeaturePacks/TP_Rolling.upack' (chunk index -1, root 'root:/') mounted
[2024.05.31-18.34.46:144][  0]LogShaderLibrary: Display: ShaderCodeLibraryPakFileMountedCallback: pending pak file info (ChunkID:-1 Root:root:/ File:C:/Program Files/Epic Games/UE_4.27/FeaturePacks/TP_Rolling.upack)
[2024.05.31-18.34.46:144][  0]LogPakFile: OnPakFileMounted2Time == 0.000023
[2024.05.31-18.34.46:145][  0]LogPakFile: PakFile PrimaryIndexSize=185
[2024.05.31-18.34.46:145][  0]LogPakFile: PakFile PathHashIndexSize=101
[2024.05.31-18.34.46:145][  0]LogPakFile: PakFile FullDirectoryIndexSize=144
[2024.05.31-18.34.46:145][  0]LogShaderLibrary: Display: ShaderCodeLibraryPakFileMountedCallback: PakFile 'C:/Program Files/Epic Games/UE_4.27/FeaturePacks/TP_RollingBP.upack' (chunk index -1, root 'root:/') mounted
[2024.05.31-18.34.46:145][  0]LogShaderLibrary: Display: ShaderCodeLibraryPakFileMountedCallback: pending pak file info (ChunkID:-1 Root:root:/ File:C:/Program Files/Epic Games/UE_4.27/FeaturePacks/TP_RollingBP.upack)
[2024.05.31-18.34.46:145][  0]LogPakFile: OnPakFileMounted2Time == 0.000022
[2024.05.31-18.34.46:145][  0]LogPakFile: PakFile PrimaryIndexSize=188
[2024.05.31-18.34.46:145][  0]LogPakFile: PakFile PathHashIndexSize=101
[2024.05.31-18.34.46:145][  0]LogPakFile: PakFile FullDirectoryIndexSize=150
[2024.05.31-18.34.46:145][  0]LogShaderLibrary: Display: ShaderCodeLibraryPakFileMountedCallback: PakFile 'C:/Program Files/Epic Games/UE_4.27/FeaturePacks/TP_SideScroller.upack' (chunk index -1, root 'root:/') mounted
[2024.05.31-18.34.46:145][  0]LogShaderLibrary: Display: ShaderCodeLibraryPakFileMountedCallback: pending pak file info (ChunkID:-1 Root:root:/ File:C:/Program Files/Epic Games/UE_4.27/FeaturePacks/TP_SideScroller.upack)
[2024.05.31-18.34.46:145][  0]LogPakFile: OnPakFileMounted2Time == 0.000023
[2024.05.31-18.34.46:146][  0]LogPakFile: PakFile PrimaryIndexSize=190
[2024.05.31-18.34.46:146][  0]LogPakFile: PakFile PathHashIndexSize=101
[2024.05.31-18.34.46:146][  0]LogPakFile: PakFile FullDirectoryIndexSize=154
[2024.05.31-18.34.46:146][  0]LogShaderLibrary: Display: ShaderCodeLibraryPakFileMountedCallback: PakFile 'C:/Program Files/Epic Games/UE_4.27/FeaturePacks/TP_SideScrollerBP.upack' (chunk index -1, root 'root:/') mounted
[2024.05.31-18.34.46:146][  0]LogShaderLibrary: Display: ShaderCodeLibraryPakFileMountedCallback: pending pak file info (ChunkID:-1 Root:root:/ File:C:/Program Files/Epic Games/UE_4.27/FeaturePacks/TP_SideScrollerBP.upack)
[2024.05.31-18.34.46:146][  0]LogPakFile: OnPakFileMounted2Time == 0.000023
[2024.05.31-18.34.46:147][  0]LogPakFile: PakFile PrimaryIndexSize=187
[2024.05.31-18.34.46:147][  0]LogPakFile: PakFile PathHashIndexSize=101
[2024.05.31-18.34.46:147][  0]LogPakFile: PakFile FullDirectoryIndexSize=148
[2024.05.31-18.34.46:147][  0]LogShaderLibrary: Display: ShaderCodeLibraryPakFileMountedCallback: PakFile 'C:/Program Files/Epic Games/UE_4.27/FeaturePacks/TP_ThirdPerson.upack' (chunk index -1, root 'root:/') mounted
[2024.05.31-18.34.46:147][  0]LogShaderLibrary: Display: ShaderCodeLibraryPakFileMountedCallback: pending pak file info (ChunkID:-1 Root:root:/ File:C:/Program Files/Epic Games/UE_4.27/FeaturePacks/TP_ThirdPerson.upack)
[2024.05.31-18.34.46:147][  0]LogPakFile: OnPakFileMounted2Time == 0.000034
[2024.05.31-18.34.46:147][  0]LogPakFile: PakFile PrimaryIndexSize=189
[2024.05.31-18.34.46:147][  0]LogPakFile: PakFile PathHashIndexSize=101
[2024.05.31-18.34.46:147][  0]LogPakFile: PakFile FullDirectoryIndexSize=152
[2024.05.31-18.34.46:147][  0]LogShaderLibrary: Display: ShaderCodeLibraryPakFileMountedCallback: PakFile 'C:/Program Files/Epic Games/UE_4.27/FeaturePacks/TP_ThirdPersonBP.upack' (chunk index -1, root 'root:/') mounted
[2024.05.31-18.34.46:148][  0]LogShaderLibrary: Display: ShaderCodeLibraryPakFileMountedCallback: pending pak file info (ChunkID:-1 Root:root:/ File:C:/Program Files/Epic Games/UE_4.27/FeaturePacks/TP_ThirdPersonBP.upack)
[2024.05.31-18.34.46:148][  0]LogPakFile: OnPakFileMounted2Time == 0.000023
[2024.05.31-18.34.46:148][  0]LogPakFile: PakFile PrimaryIndexSize=183
[2024.05.31-18.34.46:148][  0]LogPakFile: PakFile PathHashIndexSize=101
[2024.05.31-18.34.46:148][  0]LogPakFile: PakFile FullDirectoryIndexSize=140
[2024.05.31-18.34.46:148][  0]LogShaderLibrary: Display: ShaderCodeLibraryPakFileMountedCallback: PakFile 'C:/Program Files/Epic Games/UE_4.27/FeaturePacks/TP_TopDown.upack' (chunk index -1, root 'root:/') mounted
[2024.05.31-18.34.46:148][  0]LogShaderLibrary: Display: ShaderCodeLibraryPakFileMountedCallback: pending pak file info (ChunkID:-1 Root:root:/ File:C:/Program Files/Epic Games/UE_4.27/FeaturePacks/TP_TopDown.upack)
[2024.05.31-18.34.46:148][  0]LogPakFile: OnPakFileMounted2Time == 0.000030
[2024.05.31-18.34.46:149][  0]LogPakFile: PakFile PrimaryIndexSize=185
[2024.05.31-18.34.46:149][  0]LogPakFile: PakFile PathHashIndexSize=101
[2024.05.31-18.34.46:149][  0]LogPakFile: PakFile FullDirectoryIndexSize=144
[2024.05.31-18.34.46:149][  0]LogShaderLibrary: Display: ShaderCodeLibraryPakFileMountedCallback: PakFile 'C:/Program Files/Epic Games/UE_4.27/FeaturePacks/TP_TopDownBP.upack' (chunk index -1, root 'root:/') mounted
[2024.05.31-18.34.46:149][  0]LogShaderLibrary: Display: ShaderCodeLibraryPakFileMountedCallback: pending pak file info (ChunkID:-1 Root:root:/ File:C:/Program Files/Epic Games/UE_4.27/FeaturePacks/TP_TopDownBP.upack)
[2024.05.31-18.34.46:149][  0]LogPakFile: OnPakFileMounted2Time == 0.000024
[2024.05.31-18.34.46:149][  0]LogPakFile: PakFile PrimaryIndexSize=185
[2024.05.31-18.34.46:149][  0]LogPakFile: PakFile PathHashIndexSize=101
[2024.05.31-18.34.46:150][  0]LogPakFile: PakFile FullDirectoryIndexSize=144
[2024.05.31-18.34.46:150][  0]LogShaderLibrary: Display: ShaderCodeLibraryPakFileMountedCallback: PakFile 'C:/Program Files/Epic Games/UE_4.27/FeaturePacks/TP_TwinStick.upack' (chunk index -1, root 'root:/') mounted
[2024.05.31-18.34.46:150][  0]LogShaderLibrary: Display: ShaderCodeLibraryPakFileMountedCallback: pending pak file info (ChunkID:-1 Root:root:/ File:C:/Program Files/Epic Games/UE_4.27/FeaturePacks/TP_TwinStick.upack)
[2024.05.31-18.34.46:150][  0]LogPakFile: OnPakFileMounted2Time == 0.000023
[2024.05.31-18.34.46:150][  0]LogPakFile: PakFile PrimaryIndexSize=187
[2024.05.31-18.34.46:150][  0]LogPakFile: PakFile PathHashIndexSize=101
[2024.05.31-18.34.46:150][  0]LogPakFile: PakFile FullDirectoryIndexSize=148
[2024.05.31-18.34.46:150][  0]LogShaderLibrary: Display: ShaderCodeLibraryPakFileMountedCallback: PakFile 'C:/Program Files/Epic Games/UE_4.27/FeaturePacks/TP_TwinStickBP.upack' (chunk index -1, root 'root:/') mounted
[2024.05.31-18.34.46:150][  0]LogShaderLibrary: Display: ShaderCodeLibraryPakFileMountedCallback: pending pak file info (ChunkID:-1 Root:root:/ File:C:/Program Files/Epic Games/UE_4.27/FeaturePacks/TP_TwinStickBP.upack)
[2024.05.31-18.34.46:150][  0]LogPakFile: OnPakFileMounted2Time == 0.000026
[2024.05.31-18.34.46:151][  0]LogPakFile: PakFile PrimaryIndexSize=183
[2024.05.31-18.34.46:151][  0]LogPakFile: PakFile PathHashIndexSize=101
[2024.05.31-18.34.46:151][  0]LogPakFile: PakFile FullDirectoryIndexSize=140
[2024.05.31-18.34.46:151][  0]LogShaderLibrary: Display: ShaderCodeLibraryPakFileMountedCallback: PakFile 'C:/Program Files/Epic Games/UE_4.27/FeaturePacks/TP_Vehicle.upack' (chunk index -1, root 'root:/') mounted
[2024.05.31-18.34.46:151][  0]LogShaderLibrary: Display: ShaderCodeLibraryPakFileMountedCallback: pending pak file info (ChunkID:-1 Root:root:/ File:C:/Program Files/Epic Games/UE_4.27/FeaturePacks/TP_Vehicle.upack)
[2024.05.31-18.34.46:151][  0]LogPakFile: OnPakFileMounted2Time == 0.000027
[2024.05.31-18.34.46:151][  0]LogPakFile: PakFile PrimaryIndexSize=186
[2024.05.31-18.34.46:151][  0]LogPakFile: PakFile PathHashIndexSize=101
[2024.05.31-18.34.46:151][  0]LogPakFile: PakFile FullDirectoryIndexSize=146
[2024.05.31-18.34.46:151][  0]LogShaderLibrary: Display: ShaderCodeLibraryPakFileMountedCallback: PakFile 'C:/Program Files/Epic Games/UE_4.27/FeaturePacks/TP_VehicleAdv.upack' (chunk index -1, root 'root:/') mounted
[2024.05.31-18.34.46:151][  0]LogShaderLibrary: Display: ShaderCodeLibraryPakFileMountedCallback: pending pak file info (ChunkID:-1 Root:root:/ File:C:/Program Files/Epic Games/UE_4.27/FeaturePacks/TP_VehicleAdv.upack)
[2024.05.31-18.34.46:151][  0]LogPakFile: OnPakFileMounted2Time == 0.000023
[2024.05.31-18.34.46:152][  0]LogPakFile: PakFile PrimaryIndexSize=188
[2024.05.31-18.34.46:152][  0]LogPakFile: PakFile PathHashIndexSize=101
[2024.05.31-18.34.46:152][  0]LogPakFile: PakFile FullDirectoryIndexSize=150
[2024.05.31-18.34.46:152][  0]LogShaderLibrary: Display: ShaderCodeLibraryPakFileMountedCallback: PakFile 'C:/Program Files/Epic Games/UE_4.27/FeaturePacks/TP_VehicleAdvBP.upack' (chunk index -1, root 'root:/') mounted
[2024.05.31-18.34.46:152][  0]LogShaderLibrary: Display: ShaderCodeLibraryPakFileMountedCallback: pending pak file info (ChunkID:-1 Root:root:/ File:C:/Program Files/Epic Games/UE_4.27/FeaturePacks/TP_VehicleAdvBP.upack)
[2024.05.31-18.34.46:152][  0]LogPakFile: OnPakFileMounted2Time == 0.000023
[2024.05.31-18.34.46:153][  0]LogPakFile: PakFile PrimaryIndexSize=185
[2024.05.31-18.34.46:153][  0]LogPakFile: PakFile PathHashIndexSize=101
[2024.05.31-18.34.46:153][  0]LogPakFile: PakFile FullDirectoryIndexSize=144
[2024.05.31-18.34.46:153][  0]LogShaderLibrary: Display: ShaderCodeLibraryPakFileMountedCallback: PakFile 'C:/Program Files/Epic Games/UE_4.27/FeaturePacks/TP_VehicleBP.upack' (chunk index -1, root 'root:/') mounted
[2024.05.31-18.34.46:153][  0]LogShaderLibrary: Display: ShaderCodeLibraryPakFileMountedCallback: pending pak file info (ChunkID:-1 Root:root:/ File:C:/Program Files/Epic Games/UE_4.27/FeaturePacks/TP_VehicleBP.upack)
[2024.05.31-18.34.46:153][  0]LogPakFile: OnPakFileMounted2Time == 0.000040
[2024.05.31-18.34.46:154][  0]LogPakFile: PakFile PrimaryIndexSize=192
[2024.05.31-18.34.46:154][  0]LogPakFile: PakFile PathHashIndexSize=101
[2024.05.31-18.34.46:154][  0]LogPakFile: PakFile FullDirectoryIndexSize=158
[2024.05.31-18.34.46:154][  0]LogShaderLibrary: Display: ShaderCodeLibraryPakFileMountedCallback: PakFile 'C:/Program Files/Epic Games/UE_4.27/FeaturePacks/TP_VirtualRealityBP.upack' (chunk index -1, root 'root:/') mounted
[2024.05.31-18.34.46:154][  0]LogShaderLibrary: Display: ShaderCodeLibraryPakFileMountedCallback: pending pak file info (ChunkID:-1 Root:root:/ File:C:/Program Files/Epic Games/UE_4.27/FeaturePacks/TP_VirtualRealityBP.upack)
[2024.05.31-18.34.46:154][  0]LogPakFile: OnPakFileMounted2Time == 0.000031
[2024.05.31-18.34.46:229][  0]LogNativeClassHierarchy: Verbose: Native class hierarchy updated for 'AddContentDialog' in 0.0003 seconds. Added 0 classes and 0 folders.
[2024.05.31-18.34.46:230][  0]LogNativeClassHierarchy: Verbose: Native class hierarchy updated for 'SceneOutliner' in 0.0003 seconds. Added 2 classes and 0 folders.
[2024.05.31-18.34.46:272][  0]LogSlate: Took 0.000238 seconds to synchronously load lazily loaded font '../../../Engine/Content/Slate/Fonts/Roboto-Regular.ttf' (155K)
[2024.05.31-18.34.46:273][  0]LogSlate: Took 0.000197 seconds to synchronously load lazily loaded font '../../../Engine/Content/Editor/Slate/Fonts/FontAwesome.ttf' (139K)
[2024.05.31-18.34.46:274][  0]LogSlate: Took 0.001244 seconds to synchronously load lazily loaded font '../../../Engine/Content/Editor/Slate/Fonts/NanumGothic.ttf' (4243K)
[2024.05.31-18.34.46:276][  0]LogSlate: Took 0.001196 seconds to synchronously load lazily loaded font '../../../Engine/Content/Editor/Slate/Fonts/NanumGothicBold.ttf' (4188K)
[2024.05.31-18.34.46:276][  0]LogSlate: Took 0.000195 seconds to synchronously load lazily loaded font '../../../Engine/Content/Slate/Fonts/Roboto-Bold.ttf' (160K)
[2024.05.31-18.34.46:347][  0]LogRenderer: Reallocating scene render targets to support 1208x612 Format 10 NumSamples 1 (Frame:1).
[2024.05.31-18.34.46:387][  0]LogSlate: Took 0.000287 seconds to synchronously load lazily loaded font '../../../Engine/Content/Slate/Fonts/Roboto-Light.ttf' (167K)
[2024.05.31-18.34.46:447][  0]LogNativeClassHierarchy: Verbose: Native class hierarchy updated for 'HierarchicalLODOutliner' in 0.0003 seconds. Added 0 classes and 0 folders.
[2024.05.31-18.34.46:447][  0]LogLoad: (Engine Initialization) Total time: 8.45 seconds
[2024.05.31-18.34.46:447][  0]LogLoad: (Engine Initialization) Total Blueprint compile time: 0.00 seconds
[2024.05.31-18.34.46:497][  0]LogAssetRegistry: Asset discovery search completed in 4.9364 seconds
[2024.05.31-18.34.46:502][  0]LogCollectionManager: Fixed up redirectors for 0 collections in 0.000003 seconds (updated 0 objects)
[2024.05.31-18.34.46:590][  0]LogContentStreaming: Texture pool size now 1000 MB
[2024.05.31-18.35.03:624][774]LogSlate: Took 0.000195 seconds to synchronously load lazily loaded font '../../../Engine/Content/Slate/Fonts/Roboto-Light.ttf' (167K)
[2024.05.31-18.35.03:646][774]Cmd: OBJ SAVEPACKAGE PACKAGE="/Game/02Map/BingoMap" FILE="../../../../../../Unreal/BingoRPG_UnrealEngine/Content/02Map/BingoMap.umap" SILENT=true AUTOSAVING=false KEEPDIRTY=false
[2024.05.31-18.35.03:650][774]LogUObjectHash: Compacting FUObjectHashTables data took   0.59ms
[2024.05.31-18.35.03:776][774]LogSavePackage: Moving '../../../../../../Unreal/BingoRPG_UnrealEngine/Saved/BingoMap1F6D758246999DF4B5B1649B78BFB63D.tmp' to '../../../../../../Unreal/BingoRPG_UnrealEngine/Content/02Map/BingoMap.umap'
[2024.05.31-18.35.03:791][774]Cmd: OBJ SAVEPACKAGE PACKAGE="/Game/02Map/BingoMap_BuiltData" FILE="../../../../../../Unreal/BingoRPG_UnrealEngine/Content/02Map/BingoMap_BuiltData.uasset" SILENT=true
[2024.05.31-18.35.04:522][774]LogSavePackage: Moving '../../../../../../Unreal/BingoRPG_UnrealEngine/Saved/BingoMap_BuiltDataFEBEECCF49F280DDDAEE488A2D50FC68.tmp' to '../../../../../../Unreal/BingoRPG_UnrealEngine/Content/02Map/BingoMap_BuiltData.uasset'
[2024.05.31-18.35.04:563][774]AssetCheck: New page: 에셋 저장:  다수의 에셋
[2024.05.31-18.35.04:563][774]LogContentValidation: Display: MapBuildDataRegistry /Game/02Map/BingoMap_BuiltData.BingoMap_BuiltData 유효성 검사 중
[2024.05.31-18.35.04:563][774]LogContentValidation: Display: World /Game/02Map/BingoMap.BingoMap 유효성 검사 중
[2024.05.31-18.35.05:041][823]LogSlate: Took 0.000288 seconds to synchronously load lazily loaded font '../../../Engine/Content/Slate/Fonts/Roboto-Italic.ttf' (157K)
